[07/30/19 11:51 AM ]Both license storage C:\ProgramData\Embarcadero\.licenses\.cg_license and backup file are missing. Will create new ones.
[07/30/19 11:51 AM ]----------------------------------------
[07/30/19 11:51 AM ]Operating System: Windows
[07/30/19 11:51 AM ]Current User: Dikobe
[07/30/19 11:51 AM ]System Registration Key: 15069235
[07/30/19 11:51 AM ]Node Lock: 76RZQVUXCWP6EQJ
[07/30/19 11:51 AM ]
[07/30/19 11:51 AM ]----------------------------------------
[07/30/19 11:51 AM ]----------------------------------------
[07/30/19 11:51 AM ]Operating System: Windows
[07/30/19 11:51 AM ]Current User: Dikobe
[07/30/19 11:51 AM ]System Registration Key: 15069235
[07/30/19 11:51 AM ]Node Lock: 76RZQVUXCWP6EQJ
[07/30/19 11:51 AM ]
[07/30/19 11:51 AM ]----------------------------------------
[07/30/19 11:51 AM ]----------------------------------------
[07/30/19 11:51 AM ]Operating System: Windows
[07/30/19 11:51 AM ]Current User: Dikobe
[07/30/19 11:51 AM ]System Registration Key: 15069235
[07/30/19 11:51 AM ]Node Lock: 76RZQVUXCWP6EQJ
[07/30/19 11:51 AM ]
[07/30/19 11:51 AM ]----------------------------------------
[07/30/19 11:51 AM ]----------------------------------------
[07/30/19 11:51 AM ]Operating System: Windows
[07/30/19 11:51 AM ]Current User: Dikobe
[07/30/19 11:51 AM ]System Registration Key: 15069235
[07/30/19 11:51 AM ]Node Lock: 76RZQVUXCWP6EQJ
[07/30/19 11:51 AM ]
[07/30/19 11:51 AM ]----------------------------------------
[07/30/19 11:51 AM ]----------------------------------------
[07/30/19 11:51 AM ]Operating System: Windows
[07/30/19 11:51 AM ]Current User: Dikobe
[07/30/19 11:51 AM ]System Registration Key: 15069235
[07/30/19 11:51 AM ]Node Lock: 76RZQVUXCWP6EQJ
[07/30/19 11:51 AM ]
[07/30/19 11:51 AM ]----------------------------------------
[07/30/19 11:51 AM ]----------------------------------------
[07/30/19 11:51 AM ]Operating System: Windows
[07/30/19 11:51 AM ]Current User: Dikobe
[07/30/19 11:51 AM ]System Registration Key: 15069235
[07/30/19 11:51 AM ]Node Lock: 76RZQVUXCWP6EQJ
[07/30/19 11:51 AM ]
[07/30/19 11:51 AM ]----------------------------------------
[07/30/19 11:51 AM ]----------------------------------------
[07/30/19 11:51 AM ]Operating System: Windows
[07/30/19 11:51 AM ]Current User: Dikobe
[07/30/19 11:51 AM ]System Registration Key: 15069235
[07/30/19 11:51 AM ]Node Lock: 76RZQVUXCWP6EQJ
[07/30/19 11:51 AM ]
[07/30/19 11:51 AM ]----------------------------------------
[07/30/19 12:08 PM ]----------------------------------------
[07/30/19 12:08 PM ]Operating System: Windows
[07/30/19 12:08 PM ]Current User: Dikobe
[07/30/19 12:08 PM ]System Registration Key: 15069235
[07/30/19 12:08 PM ]Node Lock: 76RZQVUXCWP6EQJ
[07/30/19 12:08 PM ]
[07/30/19 12:08 PM ]----------------------------------------
[07/30/19 12:26 PM ]----------------------------------------
[07/30/19 12:26 PM ]Operating System: Windows
[07/30/19 12:26 PM ]Current User: Dikobe
[07/30/19 12:26 PM ]System Registration Key: 15069235
[07/30/19 12:26 PM ]Node Lock: 76RZQVUXCWP6EQJ
[07/30/19 12:26 PM ]
[07/30/19 12:26 PM ]----------------------------------------
[07/30/19 12:26 PM ]----------------------------------------
[07/30/19 12:26 PM ]Operating System: Windows
[07/30/19 12:26 PM ]Current User: Dikobe
[07/30/19 12:26 PM ]System Registration Key: 15069235
[07/30/19 12:26 PM ]Node Lock: 76RZQVUXCWP6EQJ
[07/30/19 12:26 PM ]
[07/30/19 12:26 PM ]----------------------------------------
[07/30/19 12:26 PM ]----------------------------------------
[07/30/19 12:26 PM ]Operating System: Windows
[07/30/19 12:26 PM ]Current User: Dikobe
[07/30/19 12:26 PM ]System Registration Key: 15069235
[07/30/19 12:26 PM ]Node Lock: 76RZQVUXCWP6EQJ
[07/30/19 12:26 PM ]
[07/30/19 12:26 PM ]----------------------------------------
[07/30/19 12:27 PM ]----------------------------------------
[07/30/19 12:27 PM ]Operating System: Windows
[07/30/19 12:27 PM ]Current User: Dikobe
[07/30/19 12:27 PM ]System Registration Key: 15069235
[07/30/19 12:27 PM ]Node Lock: 76RZQVUXCWP6EQJ
[07/30/19 12:27 PM ]
[07/30/19 12:27 PM ]----------------------------------------
[07/30/19 12:27 PM ]----------------------------------------
[07/30/19 12:27 PM ]Operating System: Windows
[07/30/19 12:27 PM ]Current User: Dikobe
[07/30/19 12:27 PM ]System Registration Key: 15069235
[07/30/19 12:27 PM ]Node Lock: 76RZQVUXCWP6EQJ
[07/30/19 12:27 PM ]
[07/30/19 12:27 PM ]----------------------------------------
[07/30/19 12:27 PM ]----------------------------------------
[07/30/19 12:27 PM ]Operating System: Windows
[07/30/19 12:27 PM ]Current User: Dikobe
[07/30/19 12:27 PM ]System Registration Key: 15069235
[07/30/19 12:27 PM ]Node Lock: 76RZQVUXCWP6EQJ
[07/30/19 12:27 PM ]
[07/30/19 12:27 PM ]----------------------------------------
[07/30/19 12:27 PM ]----------------------------------------
[07/30/19 12:27 PM ]Operating System: Windows
[07/30/19 12:27 PM ]Current User: Dikobe
[07/30/19 12:27 PM ]System Registration Key: 15069235
[07/30/19 12:27 PM ]Node Lock: 76RZQVUXCWP6EQJ
[07/30/19 12:27 PM ]
[07/30/19 12:27 PM ]----------------------------------------
[07/30/19 12:28 PM ]----------------------------------------
[07/30/19 12:28 PM ]Operating System: Windows
[07/30/19 12:28 PM ]Current User: Dikobe
[07/30/19 12:28 PM ]System Registration Key: 15069235
[07/30/19 12:28 PM ]Node Lock: 76RZQVUXCWP6EQJ
[07/30/19 12:28 PM ]
[07/30/19 12:28 PM ]----------------------------------------
[07/30/19 12:28 PM ]
[07/30/19 12:28 PM ]
[07/30/19 12:28 PM ]License: C++Builder 10.3 Community Edition
[07/30/19 12:28 PM ]Registration Key=15069235
[07/30/19 12:28 PM ]Serial Number=2TCK-79ATR7-M6VTTT-32YD
[07/30/19 12:29 PM ]----------------------------------------
[07/30/19 12:29 PM ]Operating System: Windows
[07/30/19 12:29 PM ]Current User: Dikobe
[07/30/19 12:29 PM ]System Registration Key: 15069235
[07/30/19 12:29 PM ]Node Lock: 76RZQVUXCWP6EQJ
[07/30/19 12:29 PM ]
[07/30/19 12:29 PM ]----------------------------------------
[07/30/19 12:29 PM ]Unreg #0 2TCK-79ATR7-M6VTTT-32YD
[07/30/19 12:29 PM ]
[07/30/19 12:29 PM ]
[07/30/19 12:29 PM ]License: C++Builder 10.3 Community Edition
[07/30/19 12:29 PM ]Registration Key=15069235
[07/30/19 12:29 PM ]Serial Number=2TCK-79ATR7-M6VTTT-32YD
[07/30/19 12:29 PM ][Subscription Client] [7/30/2019 12:29:22 PM] DEBUG: License verification thread has started.  The following ids have been submitted to Subscription Monitor: ProductID=>8220,ProductID=>8220,ProductID=>4023,
[07/30/19 12:29 PM ][Subscription Client] [7/30/2019 12:29:23 PM] DEBUG: Call to verify license service has been made. Timer: 1000 millis.
[07/30/19 12:29 PM ][Subscription Client] [7/30/2019 12:29:23 PM] DEBUG: Service Response For Serial 2TCK-79ATR7-M6VTTT-32YD:
[07/30/19 12:29 PM ][Subscription Client] [7/30/2019 12:29:23 PM] DEBUG: Service Response Error Code (0 - Succeeds): 0
[07/30/19 12:29 PM ][Subscription Client] [7/30/2019 12:29:23 PM] DEBUG: Service Response Error Message: Success
[07/30/19 12:29 PM ][Subscription Client] Warning:There were no license updates found related to licenses on your system. (0)
[07/30/19 12:34 PM ]----------------------------------------
[07/30/19 12:34 PM ]Operating System: Windows
[07/30/19 12:34 PM ]Current User: Dikobe
[07/30/19 12:34 PM ]System Registration Key: 15069235
[07/30/19 12:34 PM ]Node Lock: 76RZQVUXCWP6EQJ
[07/30/19 12:34 PM ]
[07/30/19 12:34 PM ]----------------------------------------
[07/30/19 12:34 PM ]
[07/30/19 12:34 PM ]
[07/30/19 12:34 PM ]License: C++Builder 10.3 Community Edition
[07/30/19 12:34 PM ]Registration Key=15069235
[07/30/19 12:34 PM ]Serial Number=2TCK-79ATR7-M6VTTT-32YD
[07/30/19 12:34 PM ]
[07/30/19 12:34 PM ]
[07/30/19 12:34 PM ]License: C++Builder 10.3 Community Edition
[07/30/19 12:34 PM ]Registration Key=15069235
[07/30/19 12:34 PM ]Serial Number=2TCK-79ATR7-M6VTTT-32YD
[07/30/19 12:34 PM ][Subscription Client] [7/30/2019 12:34:38 PM] DEBUG: License verification thread has started.  The following ids have been submitted to Subscription Monitor: ProductID=>8220,ProductID=>8220,ProductID=>4023,
[07/30/19 12:34 PM ][Subscription Client] [7/30/2019 12:34:38 PM] DEBUG: No license verification call is necessary at this time.  Next verification call will be made on 8/27/2019.
[07/30/19 12:38 PM ]----------------------------------------
[07/30/19 12:38 PM ]Operating System: Windows
[07/30/19 12:38 PM ]Current User: Dikobe
[07/30/19 12:38 PM ]System Registration Key: 15069235
[07/30/19 12:38 PM ]Node Lock: 76RZQVUXCWP6EQJ
[07/30/19 12:38 PM ]
[07/30/19 12:38 PM ]----------------------------------------
[07/30/19 12:38 PM ]
[07/30/19 12:38 PM ]
[07/30/19 12:38 PM ]License: C++Builder 10.3 Community Edition
[07/30/19 12:38 PM ]Registration Key=15069235
[07/30/19 12:38 PM ]Serial Number=2TCK-79ATR7-M6VTTT-32YD
[07/30/19 12:38 PM ]
[07/30/19 12:38 PM ]
[07/30/19 12:38 PM ]License: C++Builder 10.3 Community Edition
[07/30/19 12:38 PM ]Registration Key=15069235
[07/30/19 12:38 PM ]Serial Number=2TCK-79ATR7-M6VTTT-32YD
[07/30/19 12:38 PM ][Subscription Client] [7/30/2019 12:38:05 PM] DEBUG: License verification thread has started.  The following ids have been submitted to Subscription Monitor: ProductID=>8220,ProductID=>8220,ProductID=>4023,
[07/30/19 12:38 PM ][Subscription Client] [7/30/2019 12:38:05 PM] DEBUG: No license verification call is necessary at this time.  Next verification call will be made on 8/27/2019.
[08/06/19 02:02 PM ]----------------------------------------
[08/06/19 02:02 PM ]Operating System: Windows
[08/06/19 02:02 PM ]Current User: Dikobe
[08/06/19 02:02 PM ]System Registration Key: 15069235
[08/06/19 02:02 PM ]Node Lock: 76RZQVUXCWP6EQJ
[08/06/19 02:02 PM ]
[08/06/19 02:02 PM ]----------------------------------------
[08/06/19 02:02 PM ]
[08/06/19 02:02 PM ]
[08/06/19 02:02 PM ]License: C++Builder 10.3 Community Edition
[08/06/19 02:02 PM ]Registration Key=15069235
[08/06/19 02:02 PM ]Serial Number=2TCK-79ATR7-M6VTTT-32YD
[08/06/19 02:02 PM ]
[08/06/19 02:02 PM ]
[08/06/19 02:02 PM ]License: C++Builder 10.3 Community Edition
[08/06/19 02:02 PM ]Registration Key=15069235
[08/06/19 02:02 PM ]Serial Number=2TCK-79ATR7-M6VTTT-32YD
[08/06/19 02:02 PM ]
[08/06/19 02:02 PM ]
[08/06/19 02:02 PM ]License: RAD Studio 10.1 Berlin Architect
[08/06/19 02:02 PM ]Registration Key=15069235
[08/06/19 02:02 PM ]Serial Number=HNAA-NAADNA-FMABCK-FCNN
[08/06/19 02:02 PM ]----------------------------------------
[08/06/19 02:02 PM ]Operating System: Windows
[08/06/19 02:02 PM ]Current User: Dikobe
[08/06/19 02:02 PM ]System Registration Key: 15069235
[08/06/19 02:02 PM ]Node Lock: 76RZQVUXCWP6EQJ
[08/06/19 02:02 PM ]
[08/06/19 02:02 PM ]----------------------------------------
[08/06/19 02:02 PM ]Unreg #0 2TCK-79ATR7-M6VTTT-32YD
[08/06/19 02:02 PM ]
[08/06/19 02:02 PM ]
[08/06/19 02:02 PM ]License: C++Builder 10.3 Community Edition
[08/06/19 02:02 PM ]Registration Key=15069235
[08/06/19 02:02 PM ]Serial Number=2TCK-79ATR7-M6VTTT-32YD
[08/06/19 02:02 PM ]
[08/06/19 02:02 PM ]
[08/06/19 02:02 PM ]License: C++Builder 10.3 Community Edition
[08/06/19 02:02 PM ]Registration Key=15069235
[08/06/19 02:02 PM ]Serial Number=2TCK-79ATR7-M6VTTT-32YD
[08/06/19 02:02 PM ]
[08/06/19 02:02 PM ]
[08/06/19 02:02 PM ]License: RAD Studio 10.1 Berlin Architect
[08/06/19 02:02 PM ]Registration Key=15069235
[08/06/19 02:02 PM ]Serial Number=HNAA-NAADNA-FMABCK-FCNN
[08/06/19 02:02 PM ]----------------------------------------
[08/06/19 02:02 PM ]Operating System: Windows
[08/06/19 02:02 PM ]Current User: Dikobe
[08/06/19 02:02 PM ]System Registration Key: 15069235
[08/06/19 02:02 PM ]Node Lock: 76RZQVUXCWP6EQJ
[08/06/19 02:02 PM ]
[08/06/19 02:02 PM ]----------------------------------------
[08/06/19 02:02 PM ]
[08/06/19 02:02 PM ]
[08/06/19 02:02 PM ]License: C++Builder 10.3 Community Edition
[08/06/19 02:02 PM ]Registration Key=15069235
[08/06/19 02:02 PM ]Serial Number=2TCK-79ATR7-M6VTTT-32YD
[08/06/19 02:02 PM ]
[08/06/19 02:02 PM ]
[08/06/19 02:02 PM ]License: C++Builder 10.3 Community Edition
[08/06/19 02:02 PM ]Registration Key=15069235
[08/06/19 02:02 PM ]Serial Number=2TCK-79ATR7-M6VTTT-32YD
[08/06/19 02:02 PM ]
[08/06/19 02:02 PM ]
[08/06/19 02:02 PM ]License: RAD Studio 10.1 Berlin Architect
[08/06/19 02:02 PM ]Registration Key=15069235
[08/06/19 02:02 PM ]Serial Number=HNAA-NAADNA-FMABCK-FCNN
[08/06/19 02:03 PM ]----------------------------------------
[08/06/19 02:03 PM ]Operating System: Windows
[08/06/19 02:03 PM ]Current User: Dikobe
[08/06/19 02:03 PM ]System Registration Key: 15069235
[08/06/19 02:03 PM ]Node Lock: 76RZQVUXCWP6EQJ
[08/06/19 02:03 PM ]
[08/06/19 02:03 PM ]----------------------------------------
[08/06/19 02:03 PM ]Unreg #0 2TCK-79ATR7-M6VTTT-32YD
[08/06/19 02:03 PM ]
[08/06/19 02:03 PM ]
[08/06/19 02:03 PM ]License: C++Builder 10.3 Community Edition
[08/06/19 02:03 PM ]Registration Key=15069235
[08/06/19 02:03 PM ]Serial Number=2TCK-79ATR7-M6VTTT-32YD
[08/06/19 02:03 PM ]
[08/06/19 02:03 PM ]
[08/06/19 02:03 PM ]License: C++Builder 10.3 Community Edition
[08/06/19 02:03 PM ]Registration Key=15069235
[08/06/19 02:03 PM ]Serial Number=2TCK-79ATR7-M6VTTT-32YD
[08/06/19 02:03 PM ]
[08/06/19 02:03 PM ]
[08/06/19 02:03 PM ]License: RAD Studio 10.1 Berlin Architect
[08/06/19 02:03 PM ]Registration Key=15069235
[08/06/19 02:03 PM ]Serial Number=HNAA-NAADNA-FMABCK-FCNN
[08/06/19 02:03 PM ]----------------------------------------
[08/06/19 02:03 PM ]Operating System: Windows
[08/06/19 02:03 PM ]Current User: Dikobe
[08/06/19 02:03 PM ]System Registration Key: 15069235
[08/06/19 02:03 PM ]Node Lock: 76RZQVUXCWP6EQJ
[08/06/19 02:03 PM ]
[08/06/19 02:03 PM ]----------------------------------------
[08/06/19 02:03 PM ]
[08/06/19 02:03 PM ]
[08/06/19 02:03 PM ]License: C++Builder 10.3 Community Edition
[08/06/19 02:03 PM ]Registration Key=15069235
[08/06/19 02:03 PM ]Serial Number=2TCK-79ATR7-M6VTTT-32YD
[08/06/19 02:03 PM ]
[08/06/19 02:03 PM ]
[08/06/19 02:03 PM ]License: C++Builder 10.3 Community Edition
[08/06/19 02:03 PM ]Registration Key=15069235
[08/06/19 02:03 PM ]Serial Number=2TCK-79ATR7-M6VTTT-32YD
[08/06/19 02:03 PM ]
[08/06/19 02:03 PM ]
[08/06/19 02:03 PM ]License: RAD Studio 10.1 Berlin Architect
[08/06/19 02:03 PM ]Registration Key=15069235
[08/06/19 02:03 PM ]Serial Number=HNAA-NAADNA-FMABCK-FCNN
[08/07/19 12:08 AM ]----------------------------------------
[08/07/19 12:08 AM ]Operating System: Windows
[08/07/19 12:08 AM ]Current User: Dikobe
[08/07/19 12:08 AM ]System Registration Key: 15069235
[08/07/19 12:08 AM ]Node Lock: 76RZQVUXCWP6EQJ
[08/07/19 12:08 AM ]
[08/07/19 12:08 AM ]----------------------------------------
[08/07/19 12:08 AM ]
[08/07/19 12:08 AM ]
[08/07/19 12:08 AM ]License: C++Builder 10.3 Community Edition
[08/07/19 12:08 AM ]Registration Key=15069235
[08/07/19 12:08 AM ]Serial Number=2TCK-79ATR7-M6VTTT-32YD
[08/07/19 12:08 AM ]
[08/07/19 12:08 AM ]
[08/07/19 12:08 AM ]License: C++Builder 10.3 Community Edition
[08/07/19 12:08 AM ]Registration Key=15069235
[08/07/19 12:08 AM ]Serial Number=2TCK-79ATR7-M6VTTT-32YD
[08/07/19 12:08 AM ]
[08/07/19 12:08 AM ]
[08/07/19 12:08 AM ]License: RAD Studio 10.1 Berlin Architect
[08/07/19 12:08 AM ]Registration Key=15069235
[08/07/19 12:08 AM ]Serial Number=HNAA-NAADNA-FMABCK-FCNN
[08/07/19 12:08 AM ]
[08/07/19 12:08 AM ]
[08/07/19 12:08 AM ]License: RAD Studio 10.1
[08/07/19 12:08 AM ]Registration Key=0
[08/07/19 12:08 AM ]----------------------------------------
[08/07/19 12:08 AM ]Operating System: Windows
[08/07/19 12:08 AM ]Current User: Dikobe
[08/07/19 12:08 AM ]System Registration Key: 15069235
[08/07/19 12:08 AM ]Node Lock: 76RZQVUXCWP6EQJ
[08/07/19 12:08 AM ]
[08/07/19 12:08 AM ]----------------------------------------
[08/07/19 12:08 AM ]
[08/07/19 12:08 AM ]
[08/07/19 12:08 AM ]License: C++Builder 10.3 Community Edition
[08/07/19 12:08 AM ]Registration Key=15069235
[08/07/19 12:08 AM ]Serial Number=2TCK-79ATR7-M6VTTT-32YD
[08/07/19 12:08 AM ]
[08/07/19 12:08 AM ]
[08/07/19 12:08 AM ]License: C++Builder 10.3 Community Edition
[08/07/19 12:08 AM ]Registration Key=15069235
[08/07/19 12:08 AM ]Serial Number=2TCK-79ATR7-M6VTTT-32YD
[08/07/19 12:08 AM ]
[08/07/19 12:08 AM ]
[08/07/19 12:08 AM ]License: RAD Studio 10.1 Berlin Architect
[08/07/19 12:08 AM ]Registration Key=15069235
[08/07/19 12:08 AM ]Serial Number=HNAA-NAADNA-FMABCK-FCNN
[08/07/19 12:08 AM ]
[08/07/19 12:08 AM ]
[08/07/19 12:08 AM ]License: RAD Studio 10.1
[08/07/19 12:08 AM ]Registration Key=0
[08/07/19 12:09 AM ]----------------------------------------
[08/07/19 12:09 AM ]Operating System: Windows
[08/07/19 12:09 AM ]Current User: Dikobe
[08/07/19 12:09 AM ]System Registration Key: 15069235
[08/07/19 12:09 AM ]Node Lock: 76RZQVUXCWP6EQJ
[08/07/19 12:09 AM ]
[08/07/19 12:09 AM ]----------------------------------------
[08/07/19 12:09 AM ]
[08/07/19 12:09 AM ]
[08/07/19 12:09 AM ]License: C++Builder 10.3 Community Edition
[08/07/19 12:09 AM ]Registration Key=15069235
[08/07/19 12:09 AM ]Serial Number=2TCK-79ATR7-M6VTTT-32YD
[08/07/19 12:09 AM ]
[08/07/19 12:09 AM ]
[08/07/19 12:09 AM ]License: C++Builder 10.3 Community Edition
[08/07/19 12:09 AM ]Registration Key=15069235
[08/07/19 12:09 AM ]Serial Number=2TCK-79ATR7-M6VTTT-32YD
[08/07/19 12:09 AM ]
[08/07/19 12:09 AM ]
[08/07/19 12:09 AM ]License: RAD Studio 10.1 Berlin Architect
[08/07/19 12:09 AM ]Registration Key=15069235
[08/07/19 12:09 AM ]Serial Number=HNAA-NAADNA-FMABCK-FCNN
[08/07/19 12:09 AM ]
[08/07/19 12:09 AM ]
[08/07/19 12:09 AM ]License: RAD Studio 10.1
[08/07/19 12:09 AM ]Registration Key=0
[08/07/19 12:09 AM ]----------------------------------------
[08/07/19 12:09 AM ]Operating System: Windows
[08/07/19 12:09 AM ]Current User: Dikobe
[08/07/19 12:09 AM ]System Registration Key: 15069235
[08/07/19 12:09 AM ]Node Lock: 76RZQVUXCWP6EQJ
[08/07/19 12:09 AM ]
[08/07/19 12:09 AM ]----------------------------------------
[08/07/19 12:09 AM ]
[08/07/19 12:09 AM ]
[08/07/19 12:09 AM ]License: C++Builder 10.3 Community Edition
[08/07/19 12:09 AM ]Registration Key=15069235
[08/07/19 12:09 AM ]Serial Number=2TCK-79ATR7-M6VTTT-32YD
[08/07/19 12:09 AM ]
[08/07/19 12:09 AM ]
[08/07/19 12:09 AM ]License: C++Builder 10.3 Community Edition
[08/07/19 12:09 AM ]Registration Key=15069235
[08/07/19 12:09 AM ]Serial Number=2TCK-79ATR7-M6VTTT-32YD
[08/07/19 12:09 AM ]
[08/07/19 12:09 AM ]
[08/07/19 12:09 AM ]License: RAD Studio 10.1 Berlin Architect
[08/07/19 12:09 AM ]Registration Key=15069235
[08/07/19 12:09 AM ]Serial Number=HNAA-NAADNA-FMABCK-FCNN
[08/07/19 12:09 AM ]
[08/07/19 12:09 AM ]
[08/07/19 12:09 AM ]License: RAD Studio 10.1
[08/07/19 12:09 AM ]Registration Key=0
[08/07/19 12:09 AM ]----------------------------------------
[08/07/19 12:09 AM ]Operating System: Windows
[08/07/19 12:09 AM ]Current User: Dikobe
[08/07/19 12:09 AM ]System Registration Key: 15069235
[08/07/19 12:09 AM ]Node Lock: 76RZQVUXCWP6EQJ
[08/07/19 12:09 AM ]
[08/07/19 12:09 AM ]----------------------------------------
[08/07/19 12:09 AM ]
[08/07/19 12:09 AM ]
[08/07/19 12:09 AM ]License: C++Builder 10.3 Community Edition
[08/07/19 12:09 AM ]Registration Key=15069235
[08/07/19 12:09 AM ]Serial Number=2TCK-79ATR7-M6VTTT-32YD
[08/07/19 12:09 AM ]
[08/07/19 12:09 AM ]
[08/07/19 12:09 AM ]License: C++Builder 10.3 Community Edition
[08/07/19 12:09 AM ]Registration Key=15069235
[08/07/19 12:09 AM ]Serial Number=2TCK-79ATR7-M6VTTT-32YD
[08/07/19 12:09 AM ]
[08/07/19 12:09 AM ]
[08/07/19 12:09 AM ]License: RAD Studio 10.1 Berlin Architect
[08/07/19 12:09 AM ]Registration Key=15069235
[08/07/19 12:09 AM ]Serial Number=HNAA-NAADNA-FMABCK-FCNN
[08/07/19 12:09 AM ]
[08/07/19 12:09 AM ]
[08/07/19 12:09 AM ]License: RAD Studio 10.1
[08/07/19 12:09 AM ]Registration Key=0
[08/07/19 12:09 AM ]----------------------------------------
[08/07/19 12:09 AM ]Operating System: Windows
[08/07/19 12:09 AM ]Current User: Dikobe
[08/07/19 12:09 AM ]System Registration Key: 15069235
[08/07/19 12:09 AM ]Node Lock: 76RZQVUXCWP6EQJ
[08/07/19 12:09 AM ]
[08/07/19 12:09 AM ]----------------------------------------
[08/07/19 12:09 AM ]
[08/07/19 12:09 AM ]
[08/07/19 12:09 AM ]License: C++Builder 10.3 Community Edition
[08/07/19 12:09 AM ]Registration Key=15069235
[08/07/19 12:09 AM ]Serial Number=2TCK-79ATR7-M6VTTT-32YD
[08/07/19 12:09 AM ]
[08/07/19 12:09 AM ]
[08/07/19 12:09 AM ]License: C++Builder 10.3 Community Edition
[08/07/19 12:09 AM ]Registration Key=15069235
[08/07/19 12:09 AM ]Serial Number=2TCK-79ATR7-M6VTTT-32YD
[08/07/19 12:09 AM ]
[08/07/19 12:09 AM ]
[08/07/19 12:09 AM ]License: RAD Studio 10.1 Berlin Architect
[08/07/19 12:09 AM ]Registration Key=15069235
[08/07/19 12:09 AM ]Serial Number=HNAA-NAADNA-FMABCK-FCNN
[08/07/19 12:09 AM ]
[08/07/19 12:09 AM ]
[08/07/19 12:09 AM ]License: RAD Studio 10.1
[08/07/19 12:09 AM ]Registration Key=0
[08/07/19 12:10 AM ]----------------------------------------
[08/07/19 12:10 AM ]Operating System: Windows
[08/07/19 12:10 AM ]Current User: Dikobe
[08/07/19 12:10 AM ]System Registration Key: 15069235
[08/07/19 12:10 AM ]Node Lock: 76RZQVUXCWP6EQJ
[08/07/19 12:10 AM ]
[08/07/19 12:10 AM ]----------------------------------------
[08/07/19 12:10 AM ]
[08/07/19 12:10 AM ]
[08/07/19 12:10 AM ]License: C++Builder 10.3 Community Edition
[08/07/19 12:10 AM ]Registration Key=15069235
[08/07/19 12:10 AM ]Serial Number=2TCK-79ATR7-M6VTTT-32YD
[08/07/19 12:10 AM ]
[08/07/19 12:10 AM ]
[08/07/19 12:10 AM ]License: C++Builder 10.3 Community Edition
[08/07/19 12:10 AM ]Registration Key=15069235
[08/07/19 12:10 AM ]Serial Number=2TCK-79ATR7-M6VTTT-32YD
[08/07/19 12:10 AM ]
[08/07/19 12:10 AM ]
[08/07/19 12:10 AM ]License: RAD Studio 10.1 Berlin Architect
[08/07/19 12:10 AM ]Registration Key=15069235
[08/07/19 12:10 AM ]Serial Number=HNAA-NAADNA-FMABCK-FCNN
[08/07/19 12:10 AM ]
[08/07/19 12:10 AM ]
[08/07/19 12:10 AM ]License: RAD Studio 10.1
[08/07/19 12:10 AM ]Registration Key=0
[08/07/19 12:10 AM ]----------------------------------------
[08/07/19 12:10 AM ]Operating System: Windows
[08/07/19 12:10 AM ]Current User: Dikobe
[08/07/19 12:10 AM ]System Registration Key: 15069235
[08/07/19 12:10 AM ]Node Lock: 76RZQVUXCWP6EQJ
[08/07/19 12:10 AM ]
[08/07/19 12:10 AM ]----------------------------------------
[08/07/19 12:10 AM ]
[08/07/19 12:10 AM ]
[08/07/19 12:10 AM ]License: C++Builder 10.3 Community Edition
[08/07/19 12:10 AM ]Registration Key=15069235
[08/07/19 12:10 AM ]Serial Number=2TCK-79ATR7-M6VTTT-32YD
[08/07/19 12:10 AM ]
[08/07/19 12:10 AM ]
[08/07/19 12:10 AM ]License: C++Builder 10.3 Community Edition
[08/07/19 12:10 AM ]Registration Key=15069235
[08/07/19 12:10 AM ]Serial Number=2TCK-79ATR7-M6VTTT-32YD
[08/07/19 12:10 AM ]
[08/07/19 12:10 AM ]
[08/07/19 12:10 AM ]License: RAD Studio 10.1 Berlin Architect
[08/07/19 12:10 AM ]Registration Key=15069235
[08/07/19 12:10 AM ]Serial Number=HNAA-NAADNA-FMABCK-FCNN
[08/07/19 12:10 AM ]
[08/07/19 12:10 AM ]
[08/07/19 12:10 AM ]License: RAD Studio 10.1
[08/07/19 12:10 AM ]Registration Key=0
[08/07/19 12:12 AM ]----------------------------------------
[08/07/19 12:12 AM ]Operating System: Windows
[08/07/19 12:12 AM ]Current User: Dikobe
[08/07/19 12:12 AM ]System Registration Key: 15069235
[08/07/19 12:12 AM ]Node Lock: 76RZQVUXCWP6EQJ
[08/07/19 12:12 AM ]
[08/07/19 12:12 AM ]----------------------------------------
[08/07/19 12:12 AM ]
[08/07/19 12:12 AM ]
[08/07/19 12:12 AM ]License: C++Builder 10.3 Community Edition
[08/07/19 12:12 AM ]Registration Key=15069235
[08/07/19 12:12 AM ]Serial Number=2TCK-79ATR7-M6VTTT-32YD
[08/07/19 12:12 AM ]
[08/07/19 12:12 AM ]
[08/07/19 12:12 AM ]License: C++Builder 10.3 Community Edition
[08/07/19 12:12 AM ]Registration Key=15069235
[08/07/19 12:12 AM ]Serial Number=2TCK-79ATR7-M6VTTT-32YD
[08/07/19 12:12 AM ]
[08/07/19 12:12 AM ]
[08/07/19 12:12 AM ]License: RAD Studio 10.1 Berlin Architect
[08/07/19 12:12 AM ]Registration Key=15069235
[08/07/19 12:12 AM ]Serial Number=HNAA-NAADNA-FMABCK-FCNN
[08/07/19 12:12 AM ]
[08/07/19 12:12 AM ]
[08/07/19 12:12 AM ]License: RAD Studio 10.1
[08/07/19 12:12 AM ]Registration Key=0
[08/07/19 12:12 AM ]----------------------------------------
[08/07/19 12:12 AM ]Operating System: Windows
[08/07/19 12:12 AM ]Current User: Dikobe
[08/07/19 12:12 AM ]System Registration Key: 15069235
[08/07/19 12:12 AM ]Node Lock: 76RZQVUXCWP6EQJ
[08/07/19 12:12 AM ]
[08/07/19 12:12 AM ]----------------------------------------
[08/07/19 12:12 AM ]
[08/07/19 12:12 AM ]
[08/07/19 12:12 AM ]License: C++Builder 10.3 Community Edition
[08/07/19 12:12 AM ]Registration Key=15069235
[08/07/19 12:12 AM ]Serial Number=2TCK-79ATR7-M6VTTT-32YD
[08/07/19 12:12 AM ]
[08/07/19 12:12 AM ]
[08/07/19 12:12 AM ]License: C++Builder 10.3 Community Edition
[08/07/19 12:12 AM ]Registration Key=15069235
[08/07/19 12:12 AM ]Serial Number=2TCK-79ATR7-M6VTTT-32YD
[08/07/19 12:12 AM ]
[08/07/19 12:12 AM ]
[08/07/19 12:12 AM ]License: RAD Studio 10.1 Berlin Architect
[08/07/19 12:12 AM ]Registration Key=15069235
[08/07/19 12:12 AM ]Serial Number=HNAA-NAADNA-FMABCK-FCNN
[08/07/19 12:12 AM ]
[08/07/19 12:12 AM ]
[08/07/19 12:12 AM ]License: RAD Studio 10.1
[08/07/19 12:12 AM ]Registration Key=0
[08/07/19 12:12 AM ]----------------------------------------
[08/07/19 12:12 AM ]Operating System: Windows
[08/07/19 12:12 AM ]Current User: Dikobe
[08/07/19 12:12 AM ]System Registration Key: 15069235
[08/07/19 12:12 AM ]Node Lock: 76RZQVUXCWP6EQJ
[08/07/19 12:12 AM ]
[08/07/19 12:12 AM ]----------------------------------------
[08/07/19 12:12 AM ]
[08/07/19 12:12 AM ]
[08/07/19 12:12 AM ]License: C++Builder 10.3 Community Edition
[08/07/19 12:12 AM ]Registration Key=15069235
[08/07/19 12:12 AM ]Serial Number=2TCK-79ATR7-M6VTTT-32YD
[08/07/19 12:12 AM ]
[08/07/19 12:12 AM ]
[08/07/19 12:12 AM ]License: C++Builder 10.3 Community Edition
[08/07/19 12:12 AM ]Registration Key=15069235
[08/07/19 12:12 AM ]Serial Number=2TCK-79ATR7-M6VTTT-32YD
[08/07/19 12:12 AM ]
[08/07/19 12:12 AM ]
[08/07/19 12:12 AM ]License: RAD Studio 10.1 Berlin Architect
[08/07/19 12:12 AM ]Registration Key=15069235
[08/07/19 12:12 AM ]Serial Number=HNAA-NAADNA-FMABCK-FCNN
[08/07/19 12:12 AM ]
[08/07/19 12:12 AM ]
[08/07/19 12:12 AM ]License: RAD Studio 10.1
[08/07/19 12:12 AM ]Registration Key=0
[08/07/19 12:12 AM ]----------------------------------------
[08/07/19 12:12 AM ]Operating System: Windows
[08/07/19 12:12 AM ]Current User: Dikobe
[08/07/19 12:12 AM ]System Registration Key: 15069235
[08/07/19 12:12 AM ]Node Lock: 76RZQVUXCWP6EQJ
[08/07/19 12:12 AM ]
[08/07/19 12:12 AM ]----------------------------------------
[08/07/19 12:12 AM ]
[08/07/19 12:12 AM ]
[08/07/19 12:12 AM ]License: C++Builder 10.3 Community Edition
[08/07/19 12:12 AM ]Registration Key=15069235
[08/07/19 12:12 AM ]Serial Number=2TCK-79ATR7-M6VTTT-32YD
[08/07/19 12:12 AM ]
[08/07/19 12:12 AM ]
[08/07/19 12:12 AM ]License: C++Builder 10.3 Community Edition
[08/07/19 12:12 AM ]Registration Key=15069235
[08/07/19 12:12 AM ]Serial Number=2TCK-79ATR7-M6VTTT-32YD
[08/07/19 12:12 AM ]
[08/07/19 12:12 AM ]
[08/07/19 12:12 AM ]License: RAD Studio 10.1 Berlin Architect
[08/07/19 12:12 AM ]Registration Key=15069235
[08/07/19 12:12 AM ]Serial Number=HNAA-NAADNA-FMABCK-FCNN
[08/07/19 12:12 AM ]
[08/07/19 12:12 AM ]
[08/07/19 12:12 AM ]License: RAD Studio 10.1
[08/07/19 12:12 AM ]Registration Key=0
[08/07/19 12:12 AM ]----------------------------------------
[08/07/19 12:12 AM ]Operating System: Windows
[08/07/19 12:12 AM ]Current User: Dikobe
[08/07/19 12:12 AM ]System Registration Key: 15069235
[08/07/19 12:12 AM ]Node Lock: 76RZQVUXCWP6EQJ
[08/07/19 12:12 AM ]
[08/07/19 12:12 AM ]----------------------------------------
[08/07/19 12:12 AM ]
[08/07/19 12:12 AM ]
[08/07/19 12:12 AM ]License: C++Builder 10.3 Community Edition
[08/07/19 12:12 AM ]Registration Key=15069235
[08/07/19 12:12 AM ]Serial Number=2TCK-79ATR7-M6VTTT-32YD
[08/07/19 12:12 AM ]
[08/07/19 12:12 AM ]
[08/07/19 12:12 AM ]License: C++Builder 10.3 Community Edition
[08/07/19 12:12 AM ]Registration Key=15069235
[08/07/19 12:12 AM ]Serial Number=2TCK-79ATR7-M6VTTT-32YD
[08/07/19 12:12 AM ]
[08/07/19 12:12 AM ]
[08/07/19 12:12 AM ]License: RAD Studio 10.1 Berlin Architect
[08/07/19 12:12 AM ]Registration Key=15069235
[08/07/19 12:12 AM ]Serial Number=HNAA-NAADNA-FMABCK-FCNN
[08/07/19 12:12 AM ]
[08/07/19 12:12 AM ]
[08/07/19 12:12 AM ]License: RAD Studio 10.1
[08/07/19 12:12 AM ]Registration Key=0
[08/07/19 12:12 AM ]----------------------------------------
[08/07/19 12:12 AM ]Operating System: Windows
[08/07/19 12:12 AM ]Current User: Dikobe
[08/07/19 12:12 AM ]System Registration Key: 15069235
[08/07/19 12:12 AM ]Node Lock: 76RZQVUXCWP6EQJ
[08/07/19 12:12 AM ]
[08/07/19 12:12 AM ]----------------------------------------
[08/07/19 12:12 AM ]
[08/07/19 12:12 AM ]
[08/07/19 12:12 AM ]License: C++Builder 10.3 Community Edition
[08/07/19 12:12 AM ]Registration Key=15069235
[08/07/19 12:12 AM ]Serial Number=2TCK-79ATR7-M6VTTT-32YD
[08/07/19 12:12 AM ]
[08/07/19 12:12 AM ]
[08/07/19 12:12 AM ]License: C++Builder 10.3 Community Edition
[08/07/19 12:12 AM ]Registration Key=15069235
[08/07/19 12:12 AM ]Serial Number=2TCK-79ATR7-M6VTTT-32YD
[08/07/19 12:12 AM ]
[08/07/19 12:12 AM ]
[08/07/19 12:12 AM ]License: RAD Studio 10.1 Berlin Architect
[08/07/19 12:12 AM ]Registration Key=15069235
[08/07/19 12:12 AM ]Serial Number=HNAA-NAADNA-FMABCK-FCNN
[08/07/19 12:12 AM ]
[08/07/19 12:12 AM ]
[08/07/19 12:12 AM ]License: RAD Studio 10.1
[08/07/19 12:12 AM ]Registration Key=0
[08/07/19 12:12 AM ]----------------------------------------
[08/07/19 12:12 AM ]Operating System: Windows
[08/07/19 12:12 AM ]Current User: Dikobe
[08/07/19 12:12 AM ]System Registration Key: 15069235
[08/07/19 12:12 AM ]Node Lock: 76RZQVUXCWP6EQJ
[08/07/19 12:12 AM ]
[08/07/19 12:12 AM ]----------------------------------------
[08/07/19 12:12 AM ]
[08/07/19 12:12 AM ]
[08/07/19 12:12 AM ]License: C++Builder 10.3 Community Edition
[08/07/19 12:12 AM ]Registration Key=15069235
[08/07/19 12:12 AM ]Serial Number=2TCK-79ATR7-M6VTTT-32YD
[08/07/19 12:12 AM ]
[08/07/19 12:12 AM ]
[08/07/19 12:12 AM ]License: C++Builder 10.3 Community Edition
[08/07/19 12:12 AM ]Registration Key=15069235
[08/07/19 12:12 AM ]Serial Number=2TCK-79ATR7-M6VTTT-32YD
[08/07/19 12:12 AM ]
[08/07/19 12:12 AM ]
[08/07/19 12:12 AM ]License: RAD Studio 10.1 Berlin Architect
[08/07/19 12:12 AM ]Registration Key=15069235
[08/07/19 12:12 AM ]Serial Number=HNAA-NAADNA-FMABCK-FCNN
[08/07/19 12:12 AM ]
[08/07/19 12:12 AM ]
[08/07/19 12:12 AM ]License: RAD Studio 10.1
[08/07/19 12:12 AM ]Registration Key=0
[08/07/19 12:12 AM ]----------------------------------------
[08/07/19 12:12 AM ]Operating System: Windows
[08/07/19 12:12 AM ]Current User: Dikobe
[08/07/19 12:12 AM ]System Registration Key: 15069235
[08/07/19 12:12 AM ]Node Lock: 76RZQVUXCWP6EQJ
[08/07/19 12:12 AM ]
[08/07/19 12:12 AM ]----------------------------------------
[08/07/19 12:12 AM ]
[08/07/19 12:12 AM ]
[08/07/19 12:12 AM ]License: C++Builder 10.3 Community Edition
[08/07/19 12:12 AM ]Registration Key=15069235
[08/07/19 12:12 AM ]Serial Number=2TCK-79ATR7-M6VTTT-32YD
[08/07/19 12:12 AM ]
[08/07/19 12:12 AM ]
[08/07/19 12:12 AM ]License: C++Builder 10.3 Community Edition
[08/07/19 12:12 AM ]Registration Key=15069235
[08/07/19 12:12 AM ]Serial Number=2TCK-79ATR7-M6VTTT-32YD
[08/07/19 12:12 AM ]
[08/07/19 12:12 AM ]
[08/07/19 12:12 AM ]License: RAD Studio 10.1 Berlin Architect
[08/07/19 12:12 AM ]Registration Key=15069235
[08/07/19 12:12 AM ]Serial Number=HNAA-NAADNA-FMABCK-FCNN
[08/07/19 12:12 AM ]
[08/07/19 12:12 AM ]
[08/07/19 12:12 AM ]License: RAD Studio 10.1
[08/07/19 12:12 AM ]Registration Key=0
[08/07/19 12:12 AM ]----------------------------------------
[08/07/19 12:12 AM ]Operating System: Windows
[08/07/19 12:12 AM ]Current User: Dikobe
[08/07/19 12:12 AM ]System Registration Key: 15069235
[08/07/19 12:12 AM ]Node Lock: 76RZQVUXCWP6EQJ
[08/07/19 12:12 AM ]
[08/07/19 12:12 AM ]----------------------------------------
[08/07/19 12:12 AM ]
[08/07/19 12:12 AM ]
[08/07/19 12:12 AM ]License: C++Builder 10.3 Community Edition
[08/07/19 12:12 AM ]Registration Key=15069235
[08/07/19 12:12 AM ]Serial Number=2TCK-79ATR7-M6VTTT-32YD
[08/07/19 12:12 AM ]
[08/07/19 12:12 AM ]
[08/07/19 12:12 AM ]License: C++Builder 10.3 Community Edition
[08/07/19 12:12 AM ]Registration Key=15069235
[08/07/19 12:12 AM ]Serial Number=2TCK-79ATR7-M6VTTT-32YD
[08/07/19 12:12 AM ]
[08/07/19 12:12 AM ]
[08/07/19 12:12 AM ]License: RAD Studio 10.1 Berlin Architect
[08/07/19 12:12 AM ]Registration Key=15069235
[08/07/19 12:12 AM ]Serial Number=HNAA-NAADNA-FMABCK-FCNN
[08/07/19 12:12 AM ]
[08/07/19 12:12 AM ]
[08/07/19 12:12 AM ]License: RAD Studio 10.1
[08/07/19 12:12 AM ]Registration Key=0
[08/07/19 12:12 AM ]----------------------------------------
[08/07/19 12:12 AM ]Operating System: Windows
[08/07/19 12:12 AM ]Current User: Dikobe
[08/07/19 12:12 AM ]System Registration Key: 15069235
[08/07/19 12:12 AM ]Node Lock: 76RZQVUXCWP6EQJ
[08/07/19 12:12 AM ]
[08/07/19 12:12 AM ]----------------------------------------
[08/07/19 12:12 AM ]
[08/07/19 12:12 AM ]
[08/07/19 12:12 AM ]License: C++Builder 10.3 Community Edition
[08/07/19 12:12 AM ]Registration Key=15069235
[08/07/19 12:12 AM ]Serial Number=2TCK-79ATR7-M6VTTT-32YD
[08/07/19 12:12 AM ]
[08/07/19 12:12 AM ]
[08/07/19 12:12 AM ]License: C++Builder 10.3 Community Edition
[08/07/19 12:12 AM ]Registration Key=15069235
[08/07/19 12:12 AM ]Serial Number=2TCK-79ATR7-M6VTTT-32YD
[08/07/19 12:12 AM ]
[08/07/19 12:12 AM ]
[08/07/19 12:12 AM ]License: RAD Studio 10.1 Berlin Architect
[08/07/19 12:12 AM ]Registration Key=15069235
[08/07/19 12:12 AM ]Serial Number=HNAA-NAADNA-FMABCK-FCNN
[08/07/19 12:12 AM ]
[08/07/19 12:12 AM ]
[08/07/19 12:12 AM ]License: RAD Studio 10.1
[08/07/19 12:12 AM ]Registration Key=0
[08/07/19 12:12 AM ]----------------------------------------
[08/07/19 12:12 AM ]Operating System: Windows
[08/07/19 12:12 AM ]Current User: Dikobe
[08/07/19 12:12 AM ]System Registration Key: 15069235
[08/07/19 12:12 AM ]Node Lock: 76RZQVUXCWP6EQJ
[08/07/19 12:12 AM ]
[08/07/19 12:12 AM ]----------------------------------------
[08/07/19 12:12 AM ]
[08/07/19 12:12 AM ]
[08/07/19 12:12 AM ]License: C++Builder 10.3 Community Edition
[08/07/19 12:12 AM ]Registration Key=15069235
[08/07/19 12:12 AM ]Serial Number=2TCK-79ATR7-M6VTTT-32YD
[08/07/19 12:12 AM ]
[08/07/19 12:12 AM ]
[08/07/19 12:12 AM ]License: C++Builder 10.3 Community Edition
[08/07/19 12:12 AM ]Registration Key=15069235
[08/07/19 12:12 AM ]Serial Number=2TCK-79ATR7-M6VTTT-32YD
[08/07/19 12:12 AM ]
[08/07/19 12:12 AM ]
[08/07/19 12:12 AM ]License: RAD Studio 10.1 Berlin Architect
[08/07/19 12:12 AM ]Registration Key=15069235
[08/07/19 12:12 AM ]Serial Number=HNAA-NAADNA-FMABCK-FCNN
[08/07/19 12:12 AM ]
[08/07/19 12:12 AM ]
[08/07/19 12:12 AM ]License: RAD Studio 10.1
[08/07/19 12:12 AM ]Registration Key=0
[08/07/19 12:12 AM ]----------------------------------------
[08/07/19 12:12 AM ]Operating System: Windows
[08/07/19 12:12 AM ]Current User: Dikobe
[08/07/19 12:12 AM ]System Registration Key: 15069235
[08/07/19 12:12 AM ]Node Lock: 76RZQVUXCWP6EQJ
[08/07/19 12:12 AM ]
[08/07/19 12:12 AM ]----------------------------------------
[08/07/19 12:12 AM ]
[08/07/19 12:12 AM ]
[08/07/19 12:12 AM ]License: C++Builder 10.3 Community Edition
[08/07/19 12:12 AM ]Registration Key=15069235
[08/07/19 12:12 AM ]Serial Number=2TCK-79ATR7-M6VTTT-32YD
[08/07/19 12:12 AM ]
[08/07/19 12:12 AM ]
[08/07/19 12:12 AM ]License: C++Builder 10.3 Community Edition
[08/07/19 12:12 AM ]Registration Key=15069235
[08/07/19 12:12 AM ]Serial Number=2TCK-79ATR7-M6VTTT-32YD
[08/07/19 12:12 AM ]
[08/07/19 12:12 AM ]
[08/07/19 12:12 AM ]License: RAD Studio 10.1 Berlin Architect
[08/07/19 12:12 AM ]Registration Key=15069235
[08/07/19 12:12 AM ]Serial Number=HNAA-NAADNA-FMABCK-FCNN
[08/07/19 12:12 AM ]
[08/07/19 12:12 AM ]
[08/07/19 12:12 AM ]License: RAD Studio 10.1
[08/07/19 12:12 AM ]Registration Key=0
[08/07/19 12:15 AM ]----------------------------------------
[08/07/19 12:15 AM ]Operating System: Windows
[08/07/19 12:15 AM ]Current User: Dikobe
[08/07/19 12:15 AM ]System Registration Key: 15069235
[08/07/19 12:15 AM ]Node Lock: 76RZQVUXCWP6EQJ
[08/07/19 12:15 AM ]
[08/07/19 12:15 AM ]----------------------------------------
[08/07/19 12:15 AM ]
[08/07/19 12:15 AM ]
[08/07/19 12:15 AM ]License: C++Builder 10.3 Community Edition
[08/07/19 12:15 AM ]Registration Key=15069235
[08/07/19 12:15 AM ]Serial Number=2TCK-79ATR7-M6VTTT-32YD
[08/07/19 12:15 AM ]
[08/07/19 12:15 AM ]
[08/07/19 12:15 AM ]License: C++Builder 10.3 Community Edition
[08/07/19 12:15 AM ]Registration Key=15069235
[08/07/19 12:15 AM ]Serial Number=2TCK-79ATR7-M6VTTT-32YD
[08/07/19 12:15 AM ]
[08/07/19 12:15 AM ]
[08/07/19 12:15 AM ]License: RAD Studio 10.1 Berlin Architect
[08/07/19 12:15 AM ]Registration Key=15069235
[08/07/19 12:15 AM ]Serial Number=HNAA-NAADNA-FMABCK-FCNN
[08/07/19 12:15 AM ]
[08/07/19 12:15 AM ]
[08/07/19 12:15 AM ]License: RAD Studio 10.1
[08/07/19 12:15 AM ]Registration Key=0
[08/07/19 12:15 AM ]----------------------------------------
[08/07/19 12:15 AM ]Operating System: Windows
[08/07/19 12:15 AM ]Current User: Dikobe
[08/07/19 12:15 AM ]System Registration Key: 15069235
[08/07/19 12:15 AM ]Node Lock: 76RZQVUXCWP6EQJ
[08/07/19 12:15 AM ]
[08/07/19 12:15 AM ]----------------------------------------
[08/07/19 12:15 AM ]
[08/07/19 12:15 AM ]
[08/07/19 12:15 AM ]License: C++Builder 10.3 Community Edition
[08/07/19 12:15 AM ]Registration Key=15069235
[08/07/19 12:15 AM ]Serial Number=2TCK-79ATR7-M6VTTT-32YD
[08/07/19 12:15 AM ]
[08/07/19 12:15 AM ]
[08/07/19 12:15 AM ]License: C++Builder 10.3 Community Edition
[08/07/19 12:15 AM ]Registration Key=15069235
[08/07/19 12:15 AM ]Serial Number=2TCK-79ATR7-M6VTTT-32YD
[08/07/19 12:15 AM ]
[08/07/19 12:15 AM ]
[08/07/19 12:15 AM ]License: RAD Studio 10.1 Berlin Architect
[08/07/19 12:15 AM ]Registration Key=15069235
[08/07/19 12:15 AM ]Serial Number=HNAA-NAADNA-FMABCK-FCNN
[08/07/19 12:15 AM ]
[08/07/19 12:15 AM ]
[08/07/19 12:15 AM ]License: RAD Studio 10.1
[08/07/19 12:15 AM ]Registration Key=0
[08/07/19 12:15 AM ]----------------------------------------
[08/07/19 12:15 AM ]Operating System: Windows
[08/07/19 12:15 AM ]Current User: Dikobe
[08/07/19 12:15 AM ]System Registration Key: 15069235
[08/07/19 12:15 AM ]Node Lock: 76RZQVUXCWP6EQJ
[08/07/19 12:15 AM ]
[08/07/19 12:15 AM ]----------------------------------------
[08/07/19 12:15 AM ]
[08/07/19 12:15 AM ]
[08/07/19 12:15 AM ]License: C++Builder 10.3 Community Edition
[08/07/19 12:15 AM ]Registration Key=15069235
[08/07/19 12:15 AM ]Serial Number=2TCK-79ATR7-M6VTTT-32YD
[08/07/19 12:15 AM ]
[08/07/19 12:15 AM ]
[08/07/19 12:15 AM ]License: C++Builder 10.3 Community Edition
[08/07/19 12:15 AM ]Registration Key=15069235
[08/07/19 12:15 AM ]Serial Number=2TCK-79ATR7-M6VTTT-32YD
[08/07/19 12:15 AM ]
[08/07/19 12:15 AM ]
[08/07/19 12:15 AM ]License: RAD Studio 10.1 Berlin Architect
[08/07/19 12:15 AM ]Registration Key=15069235
[08/07/19 12:15 AM ]Serial Number=HNAA-NAADNA-FMABCK-FCNN
[08/07/19 12:15 AM ]
[08/07/19 12:15 AM ]
[08/07/19 12:15 AM ]License: RAD Studio 10.1
[08/07/19 12:15 AM ]Registration Key=0
[08/07/19 12:15 AM ]----------------------------------------
[08/07/19 12:15 AM ]Operating System: Windows
[08/07/19 12:15 AM ]Current User: Dikobe
[08/07/19 12:15 AM ]System Registration Key: 15069235
[08/07/19 12:15 AM ]Node Lock: 76RZQVUXCWP6EQJ
[08/07/19 12:15 AM ]
[08/07/19 12:15 AM ]----------------------------------------
[08/07/19 12:15 AM ]
[08/07/19 12:15 AM ]
[08/07/19 12:15 AM ]License: C++Builder 10.3 Community Edition
[08/07/19 12:15 AM ]Registration Key=15069235
[08/07/19 12:15 AM ]Serial Number=2TCK-79ATR7-M6VTTT-32YD
[08/07/19 12:15 AM ]
[08/07/19 12:15 AM ]
[08/07/19 12:15 AM ]License: C++Builder 10.3 Community Edition
[08/07/19 12:15 AM ]Registration Key=15069235
[08/07/19 12:15 AM ]Serial Number=2TCK-79ATR7-M6VTTT-32YD
[08/07/19 12:15 AM ]
[08/07/19 12:15 AM ]
[08/07/19 12:15 AM ]License: RAD Studio 10.1 Berlin Architect
[08/07/19 12:15 AM ]Registration Key=15069235
[08/07/19 12:15 AM ]Serial Number=HNAA-NAADNA-FMABCK-FCNN
[08/07/19 12:15 AM ]
[08/07/19 12:15 AM ]
[08/07/19 12:15 AM ]License: RAD Studio 10.1
[08/07/19 12:15 AM ]Registration Key=0
[08/07/19 12:16 AM ]----------------------------------------
[08/07/19 12:16 AM ]Operating System: Windows
[08/07/19 12:16 AM ]Current User: Dikobe
[08/07/19 12:16 AM ]System Registration Key: 15069235
[08/07/19 12:16 AM ]Node Lock: 76RZQVUXCWP6EQJ
[08/07/19 12:16 AM ]
[08/07/19 12:16 AM ]----------------------------------------
[08/07/19 12:16 AM ]
[08/07/19 12:16 AM ]
[08/07/19 12:16 AM ]License: C++Builder 10.3 Community Edition
[08/07/19 12:16 AM ]Registration Key=15069235
[08/07/19 12:16 AM ]Serial Number=2TCK-79ATR7-M6VTTT-32YD
[08/07/19 12:16 AM ]
[08/07/19 12:16 AM ]
[08/07/19 12:16 AM ]License: C++Builder 10.3 Community Edition
[08/07/19 12:16 AM ]Registration Key=15069235
[08/07/19 12:16 AM ]Serial Number=2TCK-79ATR7-M6VTTT-32YD
[08/07/19 12:16 AM ]
[08/07/19 12:16 AM ]
[08/07/19 12:16 AM ]License: RAD Studio 10.1 Berlin Architect
[08/07/19 12:16 AM ]Registration Key=15069235
[08/07/19 12:16 AM ]Serial Number=HNAA-NAADNA-FMABCK-FCNN
[08/07/19 12:16 AM ]
[08/07/19 12:16 AM ]
[08/07/19 12:16 AM ]License: RAD Studio 10.1
[08/07/19 12:16 AM ]Registration Key=0
[08/07/19 12:16 AM ]----------------------------------------
[08/07/19 12:16 AM ]Operating System: Windows
[08/07/19 12:16 AM ]Current User: Dikobe
[08/07/19 12:16 AM ]System Registration Key: 15069235
[08/07/19 12:16 AM ]Node Lock: 76RZQVUXCWP6EQJ
[08/07/19 12:16 AM ]
[08/07/19 12:16 AM ]----------------------------------------
[08/07/19 12:16 AM ]
[08/07/19 12:16 AM ]
[08/07/19 12:16 AM ]License: C++Builder 10.3 Community Edition
[08/07/19 12:16 AM ]Registration Key=15069235
[08/07/19 12:16 AM ]Serial Number=2TCK-79ATR7-M6VTTT-32YD
[08/07/19 12:16 AM ]
[08/07/19 12:16 AM ]
[08/07/19 12:16 AM ]License: C++Builder 10.3 Community Edition
[08/07/19 12:16 AM ]Registration Key=15069235
[08/07/19 12:16 AM ]Serial Number=2TCK-79ATR7-M6VTTT-32YD
[08/07/19 12:16 AM ]
[08/07/19 12:16 AM ]
[08/07/19 12:16 AM ]License: RAD Studio 10.1 Berlin Architect
[08/07/19 12:16 AM ]Registration Key=15069235
[08/07/19 12:16 AM ]Serial Number=HNAA-NAADNA-FMABCK-FCNN
[08/07/19 12:16 AM ]
[08/07/19 12:16 AM ]
[08/07/19 12:16 AM ]License: RAD Studio 10.1
[08/07/19 12:16 AM ]Registration Key=0
[08/07/19 12:16 AM ]----------------------------------------
[08/07/19 12:16 AM ]Operating System: Windows
[08/07/19 12:16 AM ]Current User: Dikobe
[08/07/19 12:16 AM ]System Registration Key: 15069235
[08/07/19 12:16 AM ]Node Lock: 76RZQVUXCWP6EQJ
[08/07/19 12:16 AM ]
[08/07/19 12:16 AM ]----------------------------------------
[08/07/19 12:16 AM ]
[08/07/19 12:16 AM ]
[08/07/19 12:16 AM ]License: C++Builder 10.3 Community Edition
[08/07/19 12:16 AM ]Registration Key=15069235
[08/07/19 12:16 AM ]Serial Number=2TCK-79ATR7-M6VTTT-32YD
[08/07/19 12:16 AM ]
[08/07/19 12:16 AM ]
[08/07/19 12:16 AM ]License: C++Builder 10.3 Community Edition
[08/07/19 12:16 AM ]Registration Key=15069235
[08/07/19 12:16 AM ]Serial Number=2TCK-79ATR7-M6VTTT-32YD
[08/07/19 12:16 AM ]
[08/07/19 12:16 AM ]
[08/07/19 12:16 AM ]License: RAD Studio 10.1 Berlin Architect
[08/07/19 12:16 AM ]Registration Key=15069235
[08/07/19 12:16 AM ]Serial Number=HNAA-NAADNA-FMABCK-FCNN
[08/07/19 12:16 AM ]
[08/07/19 12:16 AM ]
[08/07/19 12:16 AM ]License: RAD Studio 10.1
[08/07/19 12:16 AM ]Registration Key=0
[08/07/19 12:16 AM ]----------------------------------------
[08/07/19 12:16 AM ]Operating System: Windows
[08/07/19 12:16 AM ]Current User: Dikobe
[08/07/19 12:16 AM ]System Registration Key: 15069235
[08/07/19 12:16 AM ]Node Lock: 76RZQVUXCWP6EQJ
[08/07/19 12:16 AM ]
[08/07/19 12:16 AM ]----------------------------------------
[08/07/19 12:16 AM ]
[08/07/19 12:16 AM ]
[08/07/19 12:16 AM ]License: C++Builder 10.3 Community Edition
[08/07/19 12:16 AM ]Registration Key=15069235
[08/07/19 12:16 AM ]Serial Number=2TCK-79ATR7-M6VTTT-32YD
[08/07/19 12:16 AM ]
[08/07/19 12:16 AM ]
[08/07/19 12:16 AM ]License: C++Builder 10.3 Community Edition
[08/07/19 12:16 AM ]Registration Key=15069235
[08/07/19 12:16 AM ]Serial Number=2TCK-79ATR7-M6VTTT-32YD
[08/07/19 12:16 AM ]
[08/07/19 12:16 AM ]
[08/07/19 12:16 AM ]License: RAD Studio 10.1 Berlin Architect
[08/07/19 12:16 AM ]Registration Key=15069235
[08/07/19 12:16 AM ]Serial Number=HNAA-NAADNA-FMABCK-FCNN
[08/07/19 12:16 AM ]
[08/07/19 12:16 AM ]
[08/07/19 12:16 AM ]License: RAD Studio 10.1
[08/07/19 12:16 AM ]Registration Key=0
[08/07/19 12:16 AM ]----------------------------------------
[08/07/19 12:16 AM ]Operating System: Windows
[08/07/19 12:16 AM ]Current User: Dikobe
[08/07/19 12:16 AM ]System Registration Key: 15069235
[08/07/19 12:16 AM ]Node Lock: 76RZQVUXCWP6EQJ
[08/07/19 12:16 AM ]
[08/07/19 12:16 AM ]----------------------------------------
[08/07/19 12:16 AM ]
[08/07/19 12:16 AM ]
[08/07/19 12:16 AM ]License: C++Builder 10.3 Community Edition
[08/07/19 12:16 AM ]Registration Key=15069235
[08/07/19 12:16 AM ]Serial Number=2TCK-79ATR7-M6VTTT-32YD
[08/07/19 12:16 AM ]
[08/07/19 12:16 AM ]
[08/07/19 12:16 AM ]License: C++Builder 10.3 Community Edition
[08/07/19 12:16 AM ]Registration Key=15069235
[08/07/19 12:16 AM ]Serial Number=2TCK-79ATR7-M6VTTT-32YD
[08/07/19 12:16 AM ]
[08/07/19 12:16 AM ]
[08/07/19 12:16 AM ]License: RAD Studio 10.1 Berlin Architect
[08/07/19 12:16 AM ]Registration Key=15069235
[08/07/19 12:16 AM ]Serial Number=HNAA-NAADNA-FMABCK-FCNN
[08/07/19 12:16 AM ]
[08/07/19 12:16 AM ]
[08/07/19 12:16 AM ]License: RAD Studio 10.1
[08/07/19 12:16 AM ]Registration Key=0
[08/07/19 12:16 AM ]----------------------------------------
[08/07/19 12:16 AM ]Operating System: Windows
[08/07/19 12:16 AM ]Current User: Dikobe
[08/07/19 12:16 AM ]System Registration Key: 15069235
[08/07/19 12:16 AM ]Node Lock: 76RZQVUXCWP6EQJ
[08/07/19 12:16 AM ]
[08/07/19 12:16 AM ]----------------------------------------
[08/07/19 12:16 AM ]
[08/07/19 12:16 AM ]
[08/07/19 12:16 AM ]License: C++Builder 10.3 Community Edition
[08/07/19 12:16 AM ]Registration Key=15069235
[08/07/19 12:16 AM ]Serial Number=2TCK-79ATR7-M6VTTT-32YD
[08/07/19 12:16 AM ]
[08/07/19 12:16 AM ]
[08/07/19 12:16 AM ]License: C++Builder 10.3 Community Edition
[08/07/19 12:16 AM ]Registration Key=15069235
[08/07/19 12:16 AM ]Serial Number=2TCK-79ATR7-M6VTTT-32YD
[08/07/19 12:16 AM ]
[08/07/19 12:16 AM ]
[08/07/19 12:16 AM ]License: RAD Studio 10.1 Berlin Architect
[08/07/19 12:16 AM ]Registration Key=15069235
[08/07/19 12:16 AM ]Serial Number=HNAA-NAADNA-FMABCK-FCNN
[08/07/19 12:16 AM ]
[08/07/19 12:16 AM ]
[08/07/19 12:16 AM ]License: RAD Studio 10.1
[08/07/19 12:16 AM ]Registration Key=0
[08/07/19 01:31 AM ]----------------------------------------
[08/07/19 01:31 AM ]Operating System: Windows
[08/07/19 01:31 AM ]Current User: Dikobe
[08/07/19 01:31 AM ]System Registration Key: 15069235
[08/07/19 01:31 AM ]Node Lock: 76RZQVUXCWP6EQJ
[08/07/19 01:31 AM ]
[08/07/19 01:31 AM ]----------------------------------------
[08/07/19 01:31 AM ]
[08/07/19 01:31 AM ]
[08/07/19 01:31 AM ]License: C++Builder 10.3 Community Edition
[08/07/19 01:31 AM ]Registration Key=15069235
[08/07/19 01:31 AM ]Serial Number=2TCK-79ATR7-M6VTTT-32YD
[08/07/19 01:31 AM ]
[08/07/19 01:31 AM ]
[08/07/19 01:31 AM ]License: C++Builder 10.3 Community Edition
[08/07/19 01:31 AM ]Registration Key=15069235
[08/07/19 01:31 AM ]Serial Number=2TCK-79ATR7-M6VTTT-32YD
[08/07/19 01:31 AM ]
[08/07/19 01:31 AM ]
[08/07/19 01:31 AM ]License: RAD Studio 10.1 Berlin Architect
[08/07/19 01:31 AM ]Registration Key=15069235
[08/07/19 01:31 AM ]Serial Number=HNAA-NDADAF-AKBACK-FCPN
[08/07/19 01:31 AM ]
[08/07/19 01:31 AM ]
[08/07/19 01:31 AM ]License: RAD Studio 10.1
[08/07/19 01:31 AM ]Registration Key=0
[08/07/19 01:31 AM ]----------------------------------------
[08/07/19 01:31 AM ]Operating System: Windows
[08/07/19 01:31 AM ]Current User: Dikobe
[08/07/19 01:31 AM ]System Registration Key: 15069235
[08/07/19 01:31 AM ]Node Lock: 76RZQVUXCWP6EQJ
[08/07/19 01:31 AM ]
[08/07/19 01:31 AM ]----------------------------------------
[08/07/19 01:31 AM ]
[08/07/19 01:31 AM ]
[08/07/19 01:31 AM ]License: C++Builder 10.3 Community Edition
[08/07/19 01:31 AM ]Registration Key=15069235
[08/07/19 01:31 AM ]Serial Number=2TCK-79ATR7-M6VTTT-32YD
[08/07/19 01:31 AM ]
[08/07/19 01:31 AM ]
[08/07/19 01:31 AM ]License: C++Builder 10.3 Community Edition
[08/07/19 01:31 AM ]Registration Key=15069235
[08/07/19 01:31 AM ]Serial Number=2TCK-79ATR7-M6VTTT-32YD
[08/07/19 01:31 AM ]
[08/07/19 01:31 AM ]
[08/07/19 01:31 AM ]License: RAD Studio 10.1 Berlin Architect
[08/07/19 01:31 AM ]Registration Key=15069235
[08/07/19 01:31 AM ]Serial Number=HNAA-NDADAF-AKBACK-FCPN
[08/07/19 01:31 AM ]
[08/07/19 01:31 AM ]
[08/07/19 01:31 AM ]License: RAD Studio 10.1
[08/07/19 01:31 AM ]Registration Key=0
[08/07/19 01:31 AM ]----------------------------------------
[08/07/19 01:31 AM ]Operating System: Windows
[08/07/19 01:31 AM ]Current User: Dikobe
[08/07/19 01:31 AM ]System Registration Key: 15069235
[08/07/19 01:31 AM ]Node Lock: 76RZQVUXCWP6EQJ
[08/07/19 01:31 AM ]
[08/07/19 01:31 AM ]----------------------------------------
[08/07/19 01:31 AM ]
[08/07/19 01:31 AM ]
[08/07/19 01:31 AM ]License: C++Builder 10.3 Community Edition
[08/07/19 01:31 AM ]Registration Key=15069235
[08/07/19 01:31 AM ]Serial Number=2TCK-79ATR7-M6VTTT-32YD
[08/07/19 01:31 AM ]
[08/07/19 01:31 AM ]
[08/07/19 01:31 AM ]License: C++Builder 10.3 Community Edition
[08/07/19 01:31 AM ]Registration Key=15069235
[08/07/19 01:31 AM ]Serial Number=2TCK-79ATR7-M6VTTT-32YD
[08/07/19 01:31 AM ]
[08/07/19 01:31 AM ]
[08/07/19 01:31 AM ]License: RAD Studio 10.1 Berlin Architect
[08/07/19 01:31 AM ]Registration Key=15069235
[08/07/19 01:31 AM ]Serial Number=HNAA-NDADAF-AKBACK-FCPN
[08/07/19 01:31 AM ]
[08/07/19 01:31 AM ]
[08/07/19 01:31 AM ]License: RAD Studio 10.1
[08/07/19 01:31 AM ]Registration Key=0
[08/07/19 01:31 AM ]----------------------------------------
[08/07/19 01:31 AM ]Operating System: Windows
[08/07/19 01:31 AM ]Current User: Dikobe
[08/07/19 01:31 AM ]System Registration Key: 15069235
[08/07/19 01:31 AM ]Node Lock: 76RZQVUXCWP6EQJ
[08/07/19 01:31 AM ]
[08/07/19 01:31 AM ]----------------------------------------
[08/07/19 01:31 AM ]
[08/07/19 01:31 AM ]
[08/07/19 01:31 AM ]License: C++Builder 10.3 Community Edition
[08/07/19 01:31 AM ]Registration Key=15069235
[08/07/19 01:31 AM ]Serial Number=2TCK-79ATR7-M6VTTT-32YD
[08/07/19 01:31 AM ]
[08/07/19 01:31 AM ]
[08/07/19 01:31 AM ]License: C++Builder 10.3 Community Edition
[08/07/19 01:31 AM ]Registration Key=15069235
[08/07/19 01:31 AM ]Serial Number=2TCK-79ATR7-M6VTTT-32YD
[08/07/19 01:31 AM ]
[08/07/19 01:31 AM ]
[08/07/19 01:31 AM ]License: RAD Studio 10.1 Berlin Architect
[08/07/19 01:31 AM ]Registration Key=15069235
[08/07/19 01:31 AM ]Serial Number=HNAA-NDADAF-AKBACK-FCPN
[08/07/19 01:31 AM ]
[08/07/19 01:31 AM ]
[08/07/19 01:31 AM ]License: RAD Studio 10.1
[08/07/19 01:31 AM ]Registration Key=0
[08/07/19 01:31 AM ]----------------------------------------
[08/07/19 01:31 AM ]Operating System: Windows
[08/07/19 01:31 AM ]Current User: Dikobe
[08/07/19 01:31 AM ]System Registration Key: 15069235
[08/07/19 01:31 AM ]Node Lock: 76RZQVUXCWP6EQJ
[08/07/19 01:31 AM ]
[08/07/19 01:31 AM ]----------------------------------------
[08/07/19 01:31 AM ]
[08/07/19 01:31 AM ]
[08/07/19 01:31 AM ]License: C++Builder 10.3 Community Edition
[08/07/19 01:31 AM ]Registration Key=15069235
[08/07/19 01:31 AM ]Serial Number=2TCK-79ATR7-M6VTTT-32YD
[08/07/19 01:31 AM ]
[08/07/19 01:31 AM ]
[08/07/19 01:31 AM ]License: C++Builder 10.3 Community Edition
[08/07/19 01:31 AM ]Registration Key=15069235
[08/07/19 01:31 AM ]Serial Number=2TCK-79ATR7-M6VTTT-32YD
[08/07/19 01:31 AM ]
[08/07/19 01:31 AM ]
[08/07/19 01:31 AM ]License: RAD Studio 10.1 Berlin Architect
[08/07/19 01:31 AM ]Registration Key=15069235
[08/07/19 01:31 AM ]Serial Number=HNAA-NDADAF-AKBACK-FCPN
[08/07/19 01:31 AM ]
[08/07/19 01:31 AM ]
[08/07/19 01:31 AM ]License: RAD Studio 10.1
[08/07/19 01:31 AM ]Registration Key=0
[08/07/19 01:32 AM ]----------------------------------------
[08/07/19 01:32 AM ]Operating System: Windows
[08/07/19 01:32 AM ]Current User: Dikobe
[08/07/19 01:32 AM ]System Registration Key: 15069235
[08/07/19 01:32 AM ]Node Lock: 76RZQVUXCWP6EQJ
[08/07/19 01:32 AM ]
[08/07/19 01:32 AM ]----------------------------------------
[08/07/19 01:32 AM ]
[08/07/19 01:32 AM ]
[08/07/19 01:32 AM ]License: C++Builder 10.3 Community Edition
[08/07/19 01:32 AM ]Registration Key=15069235
[08/07/19 01:32 AM ]Serial Number=2TCK-79ATR7-M6VTTT-32YD
[08/07/19 01:32 AM ]
[08/07/19 01:32 AM ]
[08/07/19 01:32 AM ]License: C++Builder 10.3 Community Edition
[08/07/19 01:32 AM ]Registration Key=15069235
[08/07/19 01:32 AM ]Serial Number=2TCK-79ATR7-M6VTTT-32YD
[08/07/19 01:32 AM ]
[08/07/19 01:32 AM ]
[08/07/19 01:32 AM ]License: RAD Studio 10.1 Berlin Architect
[08/07/19 01:32 AM ]Registration Key=15069235
[08/07/19 01:32 AM ]Serial Number=HNAA-NDADAF-AKBACK-FCPN
[08/07/19 01:32 AM ]
[08/07/19 01:32 AM ]
[08/07/19 01:32 AM ]License: RAD Studio 10.1
[08/07/19 01:32 AM ]Registration Key=0
[08/07/19 01:50 AM ]----------------------------------------
[08/07/19 01:50 AM ]Operating System: Windows
[08/07/19 01:50 AM ]Current User: Dikobe
[08/07/19 01:50 AM ]System Registration Key: 15069235
[08/07/19 01:50 AM ]Node Lock: 76RZQVUXCWP6EQJ
[08/07/19 01:50 AM ]
[08/07/19 01:50 AM ]----------------------------------------
[08/07/19 01:50 AM ]
[08/07/19 01:50 AM ]
[08/07/19 01:50 AM ]License: C++Builder 10.3 Community Edition
[08/07/19 01:50 AM ]Registration Key=15069235
[08/07/19 01:50 AM ]Serial Number=2TCK-79ATR7-M6VTTT-32YD
[08/07/19 01:50 AM ]
[08/07/19 01:50 AM ]
[08/07/19 01:50 AM ]License: C++Builder 10.3 Community Edition
[08/07/19 01:50 AM ]Registration Key=15069235
[08/07/19 01:50 AM ]Serial Number=2TCK-79ATR7-M6VTTT-32YD
[08/07/19 01:50 AM ]
[08/07/19 01:50 AM ]
[08/07/19 01:50 AM ]License: RAD Studio 10.1 Berlin Architect
[08/07/19 01:50 AM ]Registration Key=15069235
[08/07/19 01:50 AM ]Serial Number=HNAA-NDADAF-AKBACK-FCPN
[08/07/19 01:50 AM ]----------------------------------------
[08/07/19 01:50 AM ]Operating System: Windows
[08/07/19 01:50 AM ]Current User: Dikobe
[08/07/19 01:50 AM ]System Registration Key: 15069235
[08/07/19 01:50 AM ]Node Lock: 76RZQVUXCWP6EQJ
[08/07/19 01:50 AM ]
[08/07/19 01:50 AM ]----------------------------------------
[08/07/19 01:50 AM ]
[08/07/19 01:50 AM ]
[08/07/19 01:50 AM ]License: C++Builder 10.3 Community Edition
[08/07/19 01:50 AM ]Registration Key=15069235
[08/07/19 01:50 AM ]Serial Number=2TCK-79ATR7-M6VTTT-32YD
[08/07/19 01:50 AM ]
[08/07/19 01:50 AM ]
[08/07/19 01:50 AM ]License: C++Builder 10.3 Community Edition
[08/07/19 01:50 AM ]Registration Key=15069235
[08/07/19 01:50 AM ]Serial Number=2TCK-79ATR7-M6VTTT-32YD
[08/07/19 01:50 AM ]
[08/07/19 01:50 AM ]
[08/07/19 01:50 AM ]License: RAD Studio 10.1 Berlin Architect
[08/07/19 01:50 AM ]Registration Key=15069235
[08/07/19 01:50 AM ]Serial Number=HNAA-NDADAF-AKBACK-FCPN
[08/07/19 01:59 AM ]----------------------------------------
[08/07/19 01:59 AM ]Operating System: Windows
[08/07/19 01:59 AM ]Current User: Dikobe
[08/07/19 01:59 AM ]System Registration Key: 15069235
[08/07/19 01:59 AM ]Node Lock: 76RZQVUXCWP6EQJ
[08/07/19 01:59 AM ]
[08/07/19 01:59 AM ]----------------------------------------
[08/07/19 01:59 AM ]Unreg #0 2TCK-79ATR7-M6VTTT-32YD
[08/07/19 01:59 AM ]Unreg #1 HNAA-NDADAF-AKBACK-FCPN
[08/07/19 01:59 AM ]
[08/07/19 01:59 AM ]
[08/07/19 01:59 AM ]License: C++Builder 10.3 Community Edition
[08/07/19 01:59 AM ]Registration Key=15069235
[08/07/19 01:59 AM ]Serial Number=2TCK-79ATR7-M6VTTT-32YD
[08/07/19 01:59 AM ]
[08/07/19 01:59 AM ]
[08/07/19 01:59 AM ]License: C++Builder 10.3 Community Edition
[08/07/19 01:59 AM ]Registration Key=15069235
[08/07/19 01:59 AM ]Serial Number=2TCK-79ATR7-M6VTTT-32YD
[08/07/19 01:59 AM ]
[08/07/19 01:59 AM ]
[08/07/19 01:59 AM ]License: RAD Studio 10.1 Berlin Architect
[08/07/19 01:59 AM ]Registration Key=15069235
[08/07/19 01:59 AM ]Serial Number=HNFA-ADAKNA-AKABCK-FCPN
[08/07/19 02:00 AM ]----------------------------------------
[08/07/19 02:00 AM ]Operating System: Windows
[08/07/19 02:00 AM ]Current User: Dikobe
[08/07/19 02:00 AM ]System Registration Key: 15069235
[08/07/19 02:00 AM ]Node Lock: 76RZQVUXCWP6EQJ
[08/07/19 02:00 AM ]
[08/07/19 02:00 AM ]----------------------------------------
[08/07/19 02:00 AM ]Unreg #0 2TCK-79ATR7-M6VTTT-32YD
[08/07/19 02:00 AM ]Unreg #1 HNAA-NDADAF-AKBACK-FCPN
[08/07/19 02:00 AM ]
[08/07/19 02:00 AM ]
[08/07/19 02:00 AM ]License: C++Builder 10.3 Community Edition
[08/07/19 02:00 AM ]Registration Key=15069235
[08/07/19 02:00 AM ]Serial Number=2TCK-79ATR7-M6VTTT-32YD
[08/07/19 02:00 AM ]
[08/07/19 02:00 AM ]
[08/07/19 02:00 AM ]License: C++Builder 10.3 Community Edition
[08/07/19 02:00 AM ]Registration Key=15069235
[08/07/19 02:00 AM ]Serial Number=2TCK-79ATR7-M6VTTT-32YD
[08/07/19 02:00 AM ]
[08/07/19 02:00 AM ]
[08/07/19 02:00 AM ]License: RAD Studio 10.1 Berlin Architect
[08/07/19 02:00 AM ]Registration Key=15069235
[08/07/19 02:00 AM ]Serial Number=HNFA-ADAKNA-AKABCK-FCPN
[08/07/19 02:00 AM ]----------------------------------------
[08/07/19 02:00 AM ]Operating System: Windows
[08/07/19 02:00 AM ]Current User: Dikobe
[08/07/19 02:00 AM ]System Registration Key: 15069235
[08/07/19 02:00 AM ]Node Lock: 76RZQVUXCWP6EQJ
[08/07/19 02:00 AM ]
[08/07/19 02:00 AM ]----------------------------------------
[08/07/19 02:00 AM ]Unreg #0 HNAA-NDADAF-AKBACK-FCPN
[08/07/19 02:00 AM ]
[08/07/19 02:00 AM ]
[08/07/19 02:00 AM ]License: C++Builder 10.3 Community Edition
[08/07/19 02:00 AM ]Registration Key=15069235
[08/07/19 02:00 AM ]Serial Number=2TCK-79ATR7-M6VTTT-32YD
[08/07/19 02:00 AM ]
[08/07/19 02:00 AM ]
[08/07/19 02:00 AM ]License: C++Builder 10.3 Community Edition
[08/07/19 02:00 AM ]Registration Key=15069235
[08/07/19 02:00 AM ]Serial Number=2TCK-79ATR7-M6VTTT-32YD
[08/07/19 02:00 AM ]
[08/07/19 02:00 AM ]
[08/07/19 02:00 AM ]License: RAD Studio 10.1 Berlin Architect
[08/07/19 02:00 AM ]Registration Key=15069235
[08/07/19 02:00 AM ]Serial Number=HNFA-ADAKNA-AKABCK-FCPN
[08/07/19 02:00 AM ]----------------------------------------
[08/07/19 02:00 AM ]Operating System: Windows
[08/07/19 02:00 AM ]Current User: Dikobe
[08/07/19 02:00 AM ]System Registration Key: 15069235
[08/07/19 02:00 AM ]Node Lock: 76RZQVUXCWP6EQJ
[08/07/19 02:00 AM ]
[08/07/19 02:00 AM ]----------------------------------------
[08/07/19 02:00 AM ]Unreg #0 2TCK-79ATR7-M6VTTT-32YD
[08/07/19 02:00 AM ]Unreg #1 HNAA-NDADAF-AKBACK-FCPN
[08/07/19 02:00 AM ]
[08/07/19 02:00 AM ]
[08/07/19 02:00 AM ]License: C++Builder 10.3 Community Edition
[08/07/19 02:00 AM ]Registration Key=15069235
[08/07/19 02:00 AM ]Serial Number=2TCK-79ATR7-M6VTTT-32YD
[08/07/19 02:00 AM ]
[08/07/19 02:00 AM ]
[08/07/19 02:00 AM ]License: C++Builder 10.3 Community Edition
[08/07/19 02:00 AM ]Registration Key=15069235
[08/07/19 02:00 AM ]Serial Number=2TCK-79ATR7-M6VTTT-32YD
[08/07/19 02:00 AM ]
[08/07/19 02:00 AM ]
[08/07/19 02:00 AM ]License: RAD Studio 10.1 Berlin Architect
[08/07/19 02:00 AM ]Registration Key=15069235
[08/07/19 02:00 AM ]Serial Number=HNFA-ADAKNA-AKABCK-FCPN
[08/07/19 02:00 AM ]----------------------------------------
[08/07/19 02:00 AM ]Operating System: Windows
[08/07/19 02:00 AM ]Current User: Dikobe
[08/07/19 02:00 AM ]System Registration Key: 15069235
[08/07/19 02:00 AM ]Node Lock: 76RZQVUXCWP6EQJ
[08/07/19 02:00 AM ]
[08/07/19 02:00 AM ]----------------------------------------
[08/07/19 02:00 AM ]Unreg #0 2TCK-79ATR7-M6VTTT-32YD
[08/07/19 02:00 AM ]Unreg #1 HNAA-NDADAF-AKBACK-FCPN
[08/07/19 02:00 AM ]
[08/07/19 02:00 AM ]
[08/07/19 02:00 AM ]License: C++Builder 10.3 Community Edition
[08/07/19 02:00 AM ]Registration Key=15069235
[08/07/19 02:00 AM ]Serial Number=2TCK-79ATR7-M6VTTT-32YD
[08/07/19 02:00 AM ]
[08/07/19 02:00 AM ]
[08/07/19 02:00 AM ]License: C++Builder 10.3 Community Edition
[08/07/19 02:00 AM ]Registration Key=15069235
[08/07/19 02:00 AM ]Serial Number=2TCK-79ATR7-M6VTTT-32YD
[08/07/19 02:00 AM ]
[08/07/19 02:00 AM ]
[08/07/19 02:00 AM ]License: RAD Studio 10.1 Berlin Architect
[08/07/19 02:00 AM ]Registration Key=15069235
[08/07/19 02:00 AM ]Serial Number=HNFA-ADAKNA-AKABCK-FCPN
[08/07/19 02:00 AM ]----------------------------------------
[08/07/19 02:00 AM ]Operating System: Windows
[08/07/19 02:00 AM ]Current User: Dikobe
[08/07/19 02:00 AM ]System Registration Key: 15069235
[08/07/19 02:00 AM ]Node Lock: 76RZQVUXCWP6EQJ
[08/07/19 02:00 AM ]
[08/07/19 02:00 AM ]----------------------------------------
[08/07/19 02:00 AM ]Unreg #0 HNAA-NDADAF-AKBACK-FCPN
[08/07/19 02:00 AM ]
[08/07/19 02:00 AM ]
[08/07/19 02:00 AM ]License: C++Builder 10.3 Community Edition
[08/07/19 02:00 AM ]Registration Key=15069235
[08/07/19 02:00 AM ]Serial Number=2TCK-79ATR7-M6VTTT-32YD
[08/07/19 02:00 AM ]
[08/07/19 02:00 AM ]
[08/07/19 02:00 AM ]License: C++Builder 10.3 Community Edition
[08/07/19 02:00 AM ]Registration Key=15069235
[08/07/19 02:00 AM ]Serial Number=2TCK-79ATR7-M6VTTT-32YD
[08/07/19 02:00 AM ]
[08/07/19 02:00 AM ]
[08/07/19 02:00 AM ]License: RAD Studio 10.1 Berlin Architect
[08/07/19 02:00 AM ]Registration Key=15069235
[08/07/19 02:00 AM ]Serial Number=HNFA-ADAKNA-AKABCK-FCPN
[08/07/19 02:01 AM ]----------------------------------------
[08/07/19 02:01 AM ]Operating System: Windows
[08/07/19 02:01 AM ]Current User: Dikobe
[08/07/19 02:01 AM ]System Registration Key: 15069235
[08/07/19 02:01 AM ]Node Lock: 76RZQVUXCWP6EQJ
[08/07/19 02:01 AM ]
[08/07/19 02:01 AM ]----------------------------------------
[08/07/19 02:01 AM ]Unreg #0 2TCK-79ATR7-M6VTTT-32YD
[08/07/19 02:01 AM ]Unreg #1 HNAA-NDADAF-AKBACK-FCPN
[08/07/19 02:01 AM ]
[08/07/19 02:01 AM ]
[08/07/19 02:01 AM ]License: C++Builder 10.3 Community Edition
[08/07/19 02:01 AM ]Registration Key=15069235
[08/07/19 02:01 AM ]Serial Number=2TCK-79ATR7-M6VTTT-32YD
[08/07/19 02:01 AM ]
[08/07/19 02:01 AM ]
[08/07/19 02:01 AM ]License: C++Builder 10.3 Community Edition
[08/07/19 02:01 AM ]Registration Key=15069235
[08/07/19 02:01 AM ]Serial Number=2TCK-79ATR7-M6VTTT-32YD
[08/07/19 02:01 AM ]
[08/07/19 02:01 AM ]
[08/07/19 02:01 AM ]License: RAD Studio 10.1 Berlin Architect
[08/07/19 02:01 AM ]Registration Key=15069235
[08/07/19 02:01 AM ]Serial Number=HNFA-ADAKNA-AKABCK-FCPN
[08/07/19 02:01 AM ]----------------------------------------
[08/07/19 02:01 AM ]Operating System: Windows
[08/07/19 02:01 AM ]Current User: Dikobe
[08/07/19 02:01 AM ]System Registration Key: 15069235
[08/07/19 02:01 AM ]Node Lock: 76RZQVUXCWP6EQJ
[08/07/19 02:01 AM ]
[08/07/19 02:01 AM ]----------------------------------------
[08/07/19 02:01 AM ]Unreg #0 HNAA-NDADAF-AKBACK-FCPN
[08/07/19 02:01 AM ]
[08/07/19 02:01 AM ]
[08/07/19 02:01 AM ]License: C++Builder 10.3 Community Edition
[08/07/19 02:01 AM ]Registration Key=15069235
[08/07/19 02:01 AM ]Serial Number=2TCK-79ATR7-M6VTTT-32YD
[08/07/19 02:01 AM ]
[08/07/19 02:01 AM ]
[08/07/19 02:01 AM ]License: C++Builder 10.3 Community Edition
[08/07/19 02:01 AM ]Registration Key=15069235
[08/07/19 02:01 AM ]Serial Number=2TCK-79ATR7-M6VTTT-32YD
[08/07/19 02:01 AM ]
[08/07/19 02:01 AM ]
[08/07/19 02:01 AM ]License: RAD Studio 10.1 Berlin Architect
[08/07/19 02:01 AM ]Registration Key=15069235
[08/07/19 02:01 AM ]Serial Number=HNFA-ADAKNA-AKABCK-FCPN
[08/07/19 02:01 AM ]----------------------------------------
[08/07/19 02:01 AM ]Operating System: Windows
[08/07/19 02:01 AM ]Current User: Dikobe
[08/07/19 02:01 AM ]System Registration Key: 15069235
[08/07/19 02:01 AM ]Node Lock: 76RZQVUXCWP6EQJ
[08/07/19 02:01 AM ]
[08/07/19 02:01 AM ]----------------------------------------
[08/07/19 02:01 AM ]Unreg #0 2TCK-79ATR7-M6VTTT-32YD
[08/07/19 02:01 AM ]Unreg #1 HNAA-NDADAF-AKBACK-FCPN
[08/07/19 02:01 AM ]
[08/07/19 02:01 AM ]
[08/07/19 02:01 AM ]License: C++Builder 10.3 Community Edition
[08/07/19 02:01 AM ]Registration Key=15069235
[08/07/19 02:01 AM ]Serial Number=2TCK-79ATR7-M6VTTT-32YD
[08/07/19 02:01 AM ]
[08/07/19 02:01 AM ]
[08/07/19 02:01 AM ]License: C++Builder 10.3 Community Edition
[08/07/19 02:01 AM ]Registration Key=15069235
[08/07/19 02:01 AM ]Serial Number=2TCK-79ATR7-M6VTTT-32YD
[08/07/19 02:01 AM ]
[08/07/19 02:01 AM ]
[08/07/19 02:01 AM ]License: RAD Studio 10.1 Berlin Architect
[08/07/19 02:01 AM ]Registration Key=15069235
[08/07/19 02:01 AM ]Serial Number=HNFA-ADAKNA-AKABCK-FCPN
[08/07/19 02:01 AM ]----------------------------------------
[08/07/19 02:01 AM ]Operating System: Windows
[08/07/19 02:01 AM ]Current User: Dikobe
[08/07/19 02:01 AM ]System Registration Key: 15069235
[08/07/19 02:01 AM ]Node Lock: 76RZQVUXCWP6EQJ
[08/07/19 02:01 AM ]
[08/07/19 02:01 AM ]----------------------------------------
[08/07/19 02:01 AM ]Unreg #0 2TCK-79ATR7-M6VTTT-32YD
[08/07/19 02:01 AM ]Unreg #1 HNAA-NDADAF-AKBACK-FCPN
[08/07/19 02:01 AM ]
[08/07/19 02:01 AM ]
[08/07/19 02:01 AM ]License: C++Builder 10.3 Community Edition
[08/07/19 02:01 AM ]Registration Key=15069235
[08/07/19 02:01 AM ]Serial Number=2TCK-79ATR7-M6VTTT-32YD
[08/07/19 02:01 AM ]
[08/07/19 02:01 AM ]
[08/07/19 02:01 AM ]License: C++Builder 10.3 Community Edition
[08/07/19 02:01 AM ]Registration Key=15069235
[08/07/19 02:01 AM ]Serial Number=2TCK-79ATR7-M6VTTT-32YD
[08/07/19 02:01 AM ]
[08/07/19 02:01 AM ]
[08/07/19 02:01 AM ]License: RAD Studio 10.1 Berlin Architect
[08/07/19 02:01 AM ]Registration Key=15069235
[08/07/19 02:01 AM ]Serial Number=HNFA-ADAKNA-AKABCK-FCPN
[08/07/19 02:01 AM ]----------------------------------------
[08/07/19 02:01 AM ]Operating System: Windows
[08/07/19 02:01 AM ]Current User: Dikobe
[08/07/19 02:01 AM ]System Registration Key: 15069235
[08/07/19 02:01 AM ]Node Lock: 76RZQVUXCWP6EQJ
[08/07/19 02:01 AM ]
[08/07/19 02:01 AM ]----------------------------------------
[08/07/19 02:01 AM ]Unreg #0 HNAA-NDADAF-AKBACK-FCPN
[08/07/19 02:01 AM ]
[08/07/19 02:01 AM ]
[08/07/19 02:01 AM ]License: C++Builder 10.3 Community Edition
[08/07/19 02:01 AM ]Registration Key=15069235
[08/07/19 02:01 AM ]Serial Number=2TCK-79ATR7-M6VTTT-32YD
[08/07/19 02:01 AM ]
[08/07/19 02:01 AM ]
[08/07/19 02:01 AM ]License: C++Builder 10.3 Community Edition
[08/07/19 02:01 AM ]Registration Key=15069235
[08/07/19 02:01 AM ]Serial Number=2TCK-79ATR7-M6VTTT-32YD
[08/07/19 02:01 AM ]
[08/07/19 02:01 AM ]
[08/07/19 02:01 AM ]License: RAD Studio 10.1 Berlin Architect
[08/07/19 02:01 AM ]Registration Key=15069235
[08/07/19 02:01 AM ]Serial Number=HNFA-ADAKNA-AKABCK-FCPN
[08/07/19 02:02 AM ]----------------------------------------
[08/07/19 02:02 AM ]Operating System: Windows
[08/07/19 02:02 AM ]Current User: Dikobe
[08/07/19 02:02 AM ]System Registration Key: 15069235
[08/07/19 02:02 AM ]Node Lock: 76RZQVUXCWP6EQJ
[08/07/19 02:02 AM ]
[08/07/19 02:02 AM ]----------------------------------------
[08/07/19 02:02 AM ]Unreg #0 2TCK-79ATR7-M6VTTT-32YD
[08/07/19 02:02 AM ]Unreg #1 HNAA-NDADAF-AKBACK-FCPN
[08/07/19 02:02 AM ]
[08/07/19 02:02 AM ]
[08/07/19 02:02 AM ]License: C++Builder 10.3 Community Edition
[08/07/19 02:02 AM ]Registration Key=15069235
[08/07/19 02:02 AM ]Serial Number=2TCK-79ATR7-M6VTTT-32YD
[08/07/19 02:02 AM ]
[08/07/19 02:02 AM ]
[08/07/19 02:02 AM ]License: C++Builder 10.3 Community Edition
[08/07/19 02:02 AM ]Registration Key=15069235
[08/07/19 02:02 AM ]Serial Number=2TCK-79ATR7-M6VTTT-32YD
[08/07/19 02:02 AM ]
[08/07/19 02:02 AM ]
[08/07/19 02:02 AM ]License: RAD Studio 10.1 Berlin Architect
[08/07/19 02:02 AM ]Registration Key=15069235
[08/07/19 02:02 AM ]Serial Number=CNAA-AAADAF-FKBBCL-FANN
[08/07/19 04:08 AM ]----------------------------------------
[08/07/19 04:08 AM ]Operating System: Windows
[08/07/19 04:08 AM ]Current User: Dikobe
[08/07/19 04:08 AM ]System Registration Key: 15069235
[08/07/19 04:08 AM ]Node Lock: 76RZQVUXCWP6EQJ
[08/07/19 04:08 AM ]
[08/07/19 04:08 AM ]----------------------------------------
[08/07/19 04:08 AM ]Unreg #0 2TCK-79ATR7-M6VTTT-32YD
[08/07/19 04:08 AM ]Unreg #1 CNAA-AAADAF-FKBBCL-FANN
[08/07/19 04:08 AM ]Unreg #2 HNAA-NDADAF-AKBACK-FCPN
[08/07/19 04:08 AM ]
[08/07/19 04:08 AM ]
[08/07/19 04:08 AM ]License: C++Builder 10.3 Community Edition
[08/07/19 04:08 AM ]Registration Key=15069235
[08/07/19 04:08 AM ]Serial Number=2TCK-79ATR7-M6VTTT-32YD
[08/07/19 04:08 AM ]
[08/07/19 04:08 AM ]
[08/07/19 04:08 AM ]License: C++Builder 10.3 Community Edition
[08/07/19 04:08 AM ]Registration Key=15069235
[08/07/19 04:08 AM ]Serial Number=2TCK-79ATR7-M6VTTT-32YD
[08/07/19 04:08 AM ]
[08/07/19 04:08 AM ]
[08/07/19 04:08 AM ]License: RAD Studio 10.1 Berlin Architect
[08/07/19 04:08 AM ]Registration Key=15069235
[08/07/19 04:08 AM ]Serial Number=CNAA-AAADAF-FKBBCL-FANN
[08/07/19 04:08 AM ]
[08/07/19 04:08 AM ]
[08/07/19 04:08 AM ]License: RAD Studio 10.1
[08/07/19 04:08 AM ]Registration Key=0
[08/07/19 04:29 AM ]----------------------------------------
[08/07/19 04:29 AM ]Operating System: Windows
[08/07/19 04:29 AM ]Current User: Dikobe
[08/07/19 04:29 AM ]System Registration Key: 15069235
[08/07/19 04:29 AM ]Node Lock: 76RZQVUXCWP6EQJ
[08/07/19 04:29 AM ]
[08/07/19 04:29 AM ]----------------------------------------
[08/07/19 04:29 AM ]Unreg #0 HNAA-NDADAF-AKBACK-FCPN
[08/07/19 04:29 AM ]
[08/07/19 04:29 AM ]
[08/07/19 04:29 AM ]License: C++Builder 10.3 Community Edition
[08/07/19 04:29 AM ]Registration Key=15069235
[08/07/19 04:29 AM ]Serial Number=2TCK-79ATR7-M6VTTT-32YD
[08/07/19 04:29 AM ]
[08/07/19 04:29 AM ]
[08/07/19 04:29 AM ]License: C++Builder 10.3 Community Edition
[08/07/19 04:29 AM ]Registration Key=15069235
[08/07/19 04:29 AM ]Serial Number=2TCK-79ATR7-M6VTTT-32YD
[08/07/19 04:29 AM ]
[08/07/19 04:29 AM ]
[08/07/19 04:29 AM ]License: RAD Studio 10.1 Berlin Architect
[08/07/19 04:29 AM ]Registration Key=15069235
[08/07/19 04:29 AM ]Serial Number=CNAA-AAADAF-FKBBCL-FANN
[08/07/19 04:29 AM ]
[08/07/19 04:29 AM ]
[08/07/19 04:29 AM ]License: RAD Studio 10.1
[08/07/19 04:29 AM ]Registration Key=0
[08/07/19 09:16 AM ]----------------------------------------
[08/07/19 09:16 AM ]Operating System: Windows
[08/07/19 09:16 AM ]Current User: Dikobe
[08/07/19 09:16 AM ]System Registration Key: 15069235
[08/07/19 09:16 AM ]Node Lock: 76RZQVUXCWP6EQJ
[08/07/19 09:16 AM ]
[08/07/19 09:16 AM ]----------------------------------------
[08/07/19 09:16 AM ]Unreg #0 HNAA-NDADAF-AKBACK-FCPN
[08/07/19 09:16 AM ]
[08/07/19 09:16 AM ]
[08/07/19 09:16 AM ]License: C++Builder 10.3 Community Edition
[08/07/19 09:16 AM ]Registration Key=15069235
[08/07/19 09:16 AM ]Serial Number=2TCK-79ATR7-M6VTTT-32YD
[08/07/19 09:16 AM ]
[08/07/19 09:16 AM ]
[08/07/19 09:16 AM ]License: C++Builder 10.3 Community Edition
[08/07/19 09:16 AM ]Registration Key=15069235
[08/07/19 09:16 AM ]Serial Number=2TCK-79ATR7-M6VTTT-32YD
[08/07/19 09:16 AM ]
[08/07/19 09:16 AM ]
[08/07/19 09:16 AM ]License: RAD Studio 10.1 Berlin Architect
[08/07/19 09:16 AM ]Registration Key=15069235
[08/07/19 09:16 AM ]Serial Number=CNAA-AAADAF-FKBBCL-FANN
[08/07/19 09:16 AM ]
[08/07/19 09:16 AM ]
[08/07/19 09:16 AM ]License: RAD Studio 10.1
[08/07/19 09:16 AM ]Registration Key=0
[08/07/19 09:16 AM ]----------------------------------------
[08/07/19 09:16 AM ]Operating System: Windows
[08/07/19 09:16 AM ]Current User: Dikobe
[08/07/19 09:16 AM ]System Registration Key: 15069235
[08/07/19 09:16 AM ]Node Lock: 76RZQVUXCWP6EQJ
[08/07/19 09:16 AM ]
[08/07/19 09:16 AM ]----------------------------------------
[08/07/19 09:16 AM ]Unreg #0 HNAA-NDADAF-AKBACK-FCPN
[08/07/19 09:16 AM ]
[08/07/19 09:16 AM ]
[08/07/19 09:16 AM ]License: C++Builder 10.3 Community Edition
[08/07/19 09:16 AM ]Registration Key=15069235
[08/07/19 09:16 AM ]Serial Number=2TCK-79ATR7-M6VTTT-32YD
[08/07/19 09:16 AM ]
[08/07/19 09:16 AM ]
[08/07/19 09:16 AM ]License: C++Builder 10.3 Community Edition
[08/07/19 09:16 AM ]Registration Key=15069235
[08/07/19 09:16 AM ]Serial Number=2TCK-79ATR7-M6VTTT-32YD
[08/07/19 09:16 AM ]
[08/07/19 09:16 AM ]
[08/07/19 09:16 AM ]License: RAD Studio 10.1 Berlin Architect
[08/07/19 09:16 AM ]Registration Key=15069235
[08/07/19 09:16 AM ]Serial Number=CNAA-AAADAF-FKBBCL-FANN
[08/07/19 09:16 AM ]
[08/07/19 09:16 AM ]
[08/07/19 09:16 AM ]License: RAD Studio 10.1
[08/07/19 09:16 AM ]Registration Key=0
[08/08/19 01:55 AM ]----------------------------------------
[08/08/19 01:55 AM ]Operating System: Windows
[08/08/19 01:55 AM ]Current User: Dikobe
[08/08/19 01:55 AM ]System Registration Key: 15069235
[08/08/19 01:55 AM ]Node Lock: 76RZQVUXCWP6EQJ
[08/08/19 01:55 AM ]
[08/08/19 01:55 AM ]----------------------------------------
[08/08/19 01:55 AM ]Unreg #0 HNAA-NDADAF-AKBACK-FCPN
[08/08/19 01:55 AM ]
[08/08/19 01:55 AM ]
[08/08/19 01:55 AM ]License: C++Builder 10.3 Community Edition
[08/08/19 01:55 AM ]Registration Key=15069235
[08/08/19 01:55 AM ]Serial Number=2TCK-79ATR7-M6VTTT-32YD
[08/08/19 01:55 AM ]
[08/08/19 01:55 AM ]
[08/08/19 01:55 AM ]License: C++Builder 10.3 Community Edition
[08/08/19 01:55 AM ]Registration Key=15069235
[08/08/19 01:55 AM ]Serial Number=2TCK-79ATR7-M6VTTT-32YD
[08/08/19 01:55 AM ]
[08/08/19 01:55 AM ]
[08/08/19 01:55 AM ]License: RAD Studio 10.1 Berlin Architect
[08/08/19 01:55 AM ]Registration Key=15069235
[08/08/19 01:55 AM ]Serial Number=CNAA-AAADAF-FKBBCL-FANN
[08/08/19 01:55 AM ]
[08/08/19 01:55 AM ]
[08/08/19 01:55 AM ]License: RAD Studio 10.1
[08/08/19 01:55 AM ]Registration Key=0
[08/08/19 03:01 AM ]----------------------------------------
[08/08/19 03:01 AM ]Operating System: Windows
[08/08/19 03:01 AM ]Current User: Dikobe
[08/08/19 03:01 AM ]System Registration Key: 15069235
[08/08/19 03:01 AM ]Node Lock: 76RZQVUXCWP6EQJ
[08/08/19 03:01 AM ]
[08/08/19 03:01 AM ]----------------------------------------
[08/08/19 03:01 AM ]Unreg #0 HNAA-NDADAF-AKBACK-FCPN
[08/08/19 03:01 AM ]
[08/08/19 03:01 AM ]
[08/08/19 03:01 AM ]License: C++Builder 10.3 Community Edition
[08/08/19 03:01 AM ]Registration Key=15069235
[08/08/19 03:01 AM ]Serial Number=2TCK-79ATR7-M6VTTT-32YD
[08/08/19 03:01 AM ]
[08/08/19 03:01 AM ]
[08/08/19 03:01 AM ]License: C++Builder 10.3 Community Edition
[08/08/19 03:01 AM ]Registration Key=15069235
[08/08/19 03:01 AM ]Serial Number=2TCK-79ATR7-M6VTTT-32YD
[08/08/19 03:01 AM ]
[08/08/19 03:01 AM ]
[08/08/19 03:01 AM ]License: RAD Studio 10.1 Berlin Architect
[08/08/19 03:01 AM ]Registration Key=15069235
[08/08/19 03:01 AM ]Serial Number=CNAA-AAADAF-FKBBCL-FANN
[08/08/19 03:01 AM ]
[08/08/19 03:01 AM ]
[08/08/19 03:01 AM ]License: RAD Studio 10.1
[08/08/19 03:01 AM ]Registration Key=0
[08/08/19 03:05 AM ]----------------------------------------
[08/08/19 03:05 AM ]Operating System: Windows
[08/08/19 03:05 AM ]Current User: Dikobe
[08/08/19 03:05 AM ]System Registration Key: 15069235
[08/08/19 03:05 AM ]Node Lock: 76RZQVUXCWP6EQJ
[08/08/19 03:05 AM ]
[08/08/19 03:05 AM ]----------------------------------------
[08/08/19 03:05 AM ]Unreg #0 HNAA-NDADAF-AKBACK-FCPN
[08/08/19 03:05 AM ]
[08/08/19 03:05 AM ]
[08/08/19 03:05 AM ]License: C++Builder 10.3 Community Edition
[08/08/19 03:05 AM ]Registration Key=15069235
[08/08/19 03:05 AM ]Serial Number=2TCK-79ATR7-M6VTTT-32YD
[08/08/19 03:05 AM ]
[08/08/19 03:05 AM ]
[08/08/19 03:05 AM ]License: C++Builder 10.3 Community Edition
[08/08/19 03:05 AM ]Registration Key=15069235
[08/08/19 03:05 AM ]Serial Number=2TCK-79ATR7-M6VTTT-32YD
[08/08/19 03:05 AM ]
[08/08/19 03:05 AM ]
[08/08/19 03:05 AM ]License: RAD Studio 10.1 Berlin Architect
[08/08/19 03:05 AM ]Registration Key=15069235
[08/08/19 03:05 AM ]Serial Number=CNAA-AAADAF-FKBBCL-FANN
[08/08/19 03:05 AM ]
[08/08/19 03:05 AM ]
[08/08/19 03:05 AM ]License: RAD Studio 10.1
[08/08/19 03:05 AM ]Registration Key=0
[08/08/19 10:00 AM ]----------------------------------------
[08/08/19 10:00 AM ]Operating System: Windows
[08/08/19 10:00 AM ]Current User: Dikobe
[08/08/19 10:00 AM ]System Registration Key: 15069235
[08/08/19 10:00 AM ]Node Lock: 76RZQVUXCWP6EQJ
[08/08/19 10:00 AM ]
[08/08/19 10:00 AM ]----------------------------------------
[08/08/19 10:00 AM ]Unreg #0 HNAA-NDADAF-AKBACK-FCPN
[08/08/19 10:00 AM ]
[08/08/19 10:00 AM ]
[08/08/19 10:00 AM ]License: C++Builder 10.3 Community Edition
[08/08/19 10:00 AM ]Registration Key=15069235
[08/08/19 10:00 AM ]Serial Number=2TCK-79ATR7-M6VTTT-32YD
[08/08/19 10:00 AM ]
[08/08/19 10:00 AM ]
[08/08/19 10:00 AM ]License: C++Builder 10.3 Community Edition
[08/08/19 10:00 AM ]Registration Key=15069235
[08/08/19 10:00 AM ]Serial Number=2TCK-79ATR7-M6VTTT-32YD
[08/08/19 10:00 AM ]
[08/08/19 10:00 AM ]
[08/08/19 10:00 AM ]License: RAD Studio 10.1 Berlin Architect
[08/08/19 10:00 AM ]Registration Key=15069235
[08/08/19 10:00 AM ]Serial Number=CNAA-AAADAF-FKBBCL-FANN
[08/08/19 10:00 AM ]
[08/08/19 10:00 AM ]
[08/08/19 10:00 AM ]License: RAD Studio 10.1
[08/08/19 10:00 AM ]Registration Key=0
[08/10/19 05:48 AM ]----------------------------------------
[08/10/19 05:48 AM ]Operating System: Windows
[08/10/19 05:48 AM ]Current User: Dikobe
[08/10/19 05:48 AM ]System Registration Key: 15069235
[08/10/19 05:48 AM ]Node Lock: 76RZQVUXCWP6EQJ
[08/10/19 05:48 AM ]
[08/10/19 05:48 AM ]----------------------------------------
[08/10/19 05:48 AM ]Unreg #0 HNAA-NDADAF-AKBACK-FCPN
[08/10/19 05:48 AM ]
[08/10/19 05:48 AM ]
[08/10/19 05:48 AM ]License: C++Builder 10.3 Community Edition
[08/10/19 05:48 AM ]Registration Key=15069235
[08/10/19 05:48 AM ]Serial Number=2TCK-79ATR7-M6VTTT-32YD
[08/10/19 05:48 AM ]
[08/10/19 05:48 AM ]
[08/10/19 05:48 AM ]License: C++Builder 10.3 Community Edition
[08/10/19 05:48 AM ]Registration Key=15069235
[08/10/19 05:48 AM ]Serial Number=2TCK-79ATR7-M6VTTT-32YD
[08/10/19 05:48 AM ]
[08/10/19 05:48 AM ]
[08/10/19 05:48 AM ]License: RAD Studio 10.1 Berlin Architect
[08/10/19 05:48 AM ]Registration Key=15069235
[08/10/19 05:48 AM ]Serial Number=CNAA-AAADAF-FKBBCL-FANN
[08/10/19 05:48 AM ]
[08/10/19 05:48 AM ]
[08/10/19 05:48 AM ]License: RAD Studio 10.1
[08/10/19 05:48 AM ]Registration Key=0
[08/10/19 07:03 AM ]----------------------------------------
[08/10/19 07:03 AM ]Operating System: Windows
[08/10/19 07:03 AM ]Current User: Dikobe
[08/10/19 07:03 AM ]System Registration Key: 15069235
[08/10/19 07:03 AM ]Node Lock: 76RZQVUXCWP6EQJ
[08/10/19 07:03 AM ]
[08/10/19 07:03 AM ]----------------------------------------
[08/10/19 07:03 AM ]Unreg #0 HNAA-NDADAF-AKBACK-FCPN
[08/10/19 07:03 AM ]
[08/10/19 07:03 AM ]
[08/10/19 07:03 AM ]License: C++Builder 10.3 Community Edition
[08/10/19 07:03 AM ]Registration Key=15069235
[08/10/19 07:03 AM ]Serial Number=2TCK-79ATR7-M6VTTT-32YD
[08/10/19 07:03 AM ]
[08/10/19 07:03 AM ]
[08/10/19 07:03 AM ]License: C++Builder 10.3 Community Edition
[08/10/19 07:03 AM ]Registration Key=15069235
[08/10/19 07:03 AM ]Serial Number=2TCK-79ATR7-M6VTTT-32YD
[08/10/19 07:03 AM ]
[08/10/19 07:03 AM ]
[08/10/19 07:03 AM ]License: RAD Studio 10.1 Berlin Architect
[08/10/19 07:03 AM ]Registration Key=15069235
[08/10/19 07:03 AM ]Serial Number=CNAA-AAADAF-FKBBCL-FANN
[08/10/19 07:03 AM ]
[08/10/19 07:03 AM ]
[08/10/19 07:03 AM ]License: RAD Studio 10.1
[08/10/19 07:03 AM ]Registration Key=0
[08/10/19 08:06 AM ]----------------------------------------
[08/10/19 08:06 AM ]Operating System: Windows
[08/10/19 08:06 AM ]Current User: Dikobe
[08/10/19 08:06 AM ]System Registration Key: 15069235
[08/10/19 08:06 AM ]Node Lock: 76RZQVUXCWP6EQJ
[08/10/19 08:06 AM ]
[08/10/19 08:06 AM ]----------------------------------------
[08/10/19 08:06 AM ]Unreg #0 HNAA-NDADAF-AKBACK-FCPN
[08/10/19 08:06 AM ]
[08/10/19 08:06 AM ]
[08/10/19 08:06 AM ]License: C++Builder 10.3 Community Edition
[08/10/19 08:06 AM ]Registration Key=15069235
[08/10/19 08:06 AM ]Serial Number=2TCK-79ATR7-M6VTTT-32YD
[08/10/19 08:06 AM ]
[08/10/19 08:06 AM ]
[08/10/19 08:06 AM ]License: C++Builder 10.3 Community Edition
[08/10/19 08:06 AM ]Registration Key=15069235
[08/10/19 08:06 AM ]Serial Number=2TCK-79ATR7-M6VTTT-32YD
[08/10/19 08:06 AM ]
[08/10/19 08:06 AM ]
[08/10/19 08:06 AM ]License: RAD Studio 10.1 Berlin Architect
[08/10/19 08:06 AM ]Registration Key=15069235
[08/10/19 08:06 AM ]Serial Number=CNAA-AAADAF-FKBBCL-FANN
[08/10/19 08:06 AM ]
[08/10/19 08:06 AM ]
[08/10/19 08:06 AM ]License: RAD Studio 10.1
[08/10/19 08:06 AM ]Registration Key=0
[08/11/19 12:24 AM ]----------------------------------------
[08/11/19 12:24 AM ]Operating System: Windows
[08/11/19 12:24 AM ]Current User: Dikobe
[08/11/19 12:24 AM ]System Registration Key: 15069235
[08/11/19 12:24 AM ]Node Lock: 76RZQVUXCWP6EQJ
[08/11/19 12:24 AM ]
[08/11/19 12:24 AM ]----------------------------------------
[08/11/19 12:24 AM ]Unreg #0 HNAA-NDADAF-AKBACK-FCPN
[08/11/19 12:24 AM ]
[08/11/19 12:24 AM ]
[08/11/19 12:24 AM ]License: C++Builder 10.3 Community Edition
[08/11/19 12:24 AM ]Registration Key=15069235
[08/11/19 12:24 AM ]Serial Number=2TCK-79ATR7-M6VTTT-32YD
[08/11/19 12:24 AM ]
[08/11/19 12:24 AM ]
[08/11/19 12:24 AM ]License: C++Builder 10.3 Community Edition
[08/11/19 12:24 AM ]Registration Key=15069235
[08/11/19 12:24 AM ]Serial Number=2TCK-79ATR7-M6VTTT-32YD
[08/11/19 12:24 AM ]
[08/11/19 12:24 AM ]
[08/11/19 12:24 AM ]License: RAD Studio 10.1 Berlin Architect
[08/11/19 12:24 AM ]Registration Key=15069235
[08/11/19 12:24 AM ]Serial Number=CNAA-AAADAF-FKBBCL-FANN
[08/11/19 12:24 AM ]
[08/11/19 12:24 AM ]
[08/11/19 12:24 AM ]License: RAD Studio 10.1
[08/11/19 12:24 AM ]Registration Key=0
[08/11/19 12:46 AM ]----------------------------------------
[08/11/19 12:46 AM ]Operating System: Windows
[08/11/19 12:46 AM ]Current User: Dikobe
[08/11/19 12:46 AM ]System Registration Key: 15069235
[08/11/19 12:46 AM ]Node Lock: 76RZQVUXCWP6EQJ
[08/11/19 12:46 AM ]
[08/11/19 12:46 AM ]----------------------------------------
[08/11/19 12:46 AM ]Unreg #0 HNAA-NDADAF-AKBACK-FCPN
[08/11/19 12:46 AM ]
[08/11/19 12:46 AM ]
[08/11/19 12:46 AM ]License: C++Builder 10.3 Community Edition
[08/11/19 12:46 AM ]Registration Key=15069235
[08/11/19 12:46 AM ]Serial Number=2TCK-79ATR7-M6VTTT-32YD
[08/11/19 12:46 AM ]
[08/11/19 12:46 AM ]
[08/11/19 12:46 AM ]License: C++Builder 10.3 Community Edition
[08/11/19 12:46 AM ]Registration Key=15069235
[08/11/19 12:46 AM ]Serial Number=2TCK-79ATR7-M6VTTT-32YD
[08/11/19 12:46 AM ]
[08/11/19 12:46 AM ]
[08/11/19 12:46 AM ]License: RAD Studio 10.1 Berlin Architect
[08/11/19 12:46 AM ]Registration Key=15069235
[08/11/19 12:46 AM ]Serial Number=HNFA-AAAKND-FFABCK-FANN
[08/11/19 12:46 AM ]----------------------------------------
[08/11/19 12:46 AM ]Operating System: Windows
[08/11/19 12:46 AM ]Current User: Dikobe
[08/11/19 12:46 AM ]System Registration Key: 15069235
[08/11/19 12:46 AM ]Node Lock: 76RZQVUXCWP6EQJ
[08/11/19 12:46 AM ]
[08/11/19 12:46 AM ]----------------------------------------
[08/11/19 12:46 AM ]Unreg #0 2TCK-79ATR7-M6VTTT-32YD
[08/11/19 12:46 AM ]Unreg #1 HNAA-NDADAF-AKBACK-FCPN
[08/11/19 12:46 AM ]
[08/11/19 12:46 AM ]
[08/11/19 12:46 AM ]License: C++Builder 10.3 Community Edition
[08/11/19 12:46 AM ]Registration Key=15069235
[08/11/19 12:46 AM ]Serial Number=2TCK-79ATR7-M6VTTT-32YD
[08/11/19 12:46 AM ]
[08/11/19 12:46 AM ]
[08/11/19 12:46 AM ]License: C++Builder 10.3 Community Edition
[08/11/19 12:46 AM ]Registration Key=15069235
[08/11/19 12:46 AM ]Serial Number=2TCK-79ATR7-M6VTTT-32YD
[08/11/19 12:46 AM ]
[08/11/19 12:46 AM ]
[08/11/19 12:46 AM ]License: RAD Studio 10.1 Berlin Architect
[08/11/19 12:46 AM ]Registration Key=15069235
[08/11/19 12:46 AM ]Serial Number=HNFA-AAAKND-FFABCK-FANN
[08/11/19 12:46 AM ]----------------------------------------
[08/11/19 12:46 AM ]Operating System: Windows
[08/11/19 12:46 AM ]Current User: Dikobe
[08/11/19 12:46 AM ]System Registration Key: 15069235
[08/11/19 12:46 AM ]Node Lock: 76RZQVUXCWP6EQJ
[08/11/19 12:46 AM ]
[08/11/19 12:46 AM ]----------------------------------------
[08/11/19 12:46 AM ]Unreg #0 HNAA-NDADAF-AKBACK-FCPN
[08/11/19 12:46 AM ]
[08/11/19 12:46 AM ]
[08/11/19 12:46 AM ]License: C++Builder 10.3 Community Edition
[08/11/19 12:46 AM ]Registration Key=15069235
[08/11/19 12:46 AM ]Serial Number=2TCK-79ATR7-M6VTTT-32YD
[08/11/19 12:46 AM ]
[08/11/19 12:46 AM ]
[08/11/19 12:46 AM ]License: C++Builder 10.3 Community Edition
[08/11/19 12:46 AM ]Registration Key=15069235
[08/11/19 12:46 AM ]Serial Number=2TCK-79ATR7-M6VTTT-32YD
[08/11/19 12:46 AM ]
[08/11/19 12:46 AM ]
[08/11/19 12:46 AM ]License: RAD Studio 10.1 Berlin Architect
[08/11/19 12:46 AM ]Registration Key=15069235
[08/11/19 12:46 AM ]Serial Number=HNFA-AAAKND-FFABCK-FANN
[08/11/19 12:46 AM ]----------------------------------------
[08/11/19 12:46 AM ]Operating System: Windows
[08/11/19 12:46 AM ]Current User: Dikobe
[08/11/19 12:46 AM ]System Registration Key: 15069235
[08/11/19 12:46 AM ]Node Lock: 76RZQVUXCWP6EQJ
[08/11/19 12:46 AM ]
[08/11/19 12:46 AM ]----------------------------------------
[08/11/19 12:46 AM ]Unreg #0 2TCK-79ATR7-M6VTTT-32YD
[08/11/19 12:46 AM ]Unreg #1 HNAA-NDADAF-AKBACK-FCPN
[08/11/19 12:46 AM ]
[08/11/19 12:46 AM ]
[08/11/19 12:46 AM ]License: C++Builder 10.3 Community Edition
[08/11/19 12:46 AM ]Registration Key=15069235
[08/11/19 12:46 AM ]Serial Number=2TCK-79ATR7-M6VTTT-32YD
[08/11/19 12:46 AM ]
[08/11/19 12:46 AM ]
[08/11/19 12:46 AM ]License: C++Builder 10.3 Community Edition
[08/11/19 12:46 AM ]Registration Key=15069235
[08/11/19 12:46 AM ]Serial Number=2TCK-79ATR7-M6VTTT-32YD
[08/11/19 12:46 AM ]
[08/11/19 12:46 AM ]
[08/11/19 12:46 AM ]License: RAD Studio 10.1 Berlin Architect
[08/11/19 12:46 AM ]Registration Key=15069235
[08/11/19 12:46 AM ]Serial Number=HNFA-AAAKND-FFABCK-FANN
[08/11/19 12:46 AM ]----------------------------------------
[08/11/19 12:46 AM ]Operating System: Windows
[08/11/19 12:46 AM ]Current User: Dikobe
[08/11/19 12:46 AM ]System Registration Key: 15069235
[08/11/19 12:46 AM ]Node Lock: 76RZQVUXCWP6EQJ
[08/11/19 12:46 AM ]
[08/11/19 12:46 AM ]----------------------------------------
[08/11/19 12:46 AM ]Unreg #0 2TCK-79ATR7-M6VTTT-32YD
[08/11/19 12:46 AM ]Unreg #1 HNAA-NDADAF-AKBACK-FCPN
[08/11/19 12:46 AM ]
[08/11/19 12:46 AM ]
[08/11/19 12:46 AM ]License: C++Builder 10.3 Community Edition
[08/11/19 12:46 AM ]Registration Key=15069235
[08/11/19 12:46 AM ]Serial Number=2TCK-79ATR7-M6VTTT-32YD
[08/11/19 12:46 AM ]
[08/11/19 12:46 AM ]
[08/11/19 12:46 AM ]License: C++Builder 10.3 Community Edition
[08/11/19 12:46 AM ]Registration Key=15069235
[08/11/19 12:46 AM ]Serial Number=2TCK-79ATR7-M6VTTT-32YD
[08/11/19 12:46 AM ]
[08/11/19 12:46 AM ]
[08/11/19 12:46 AM ]License: RAD Studio 10.1 Berlin Architect
[08/11/19 12:46 AM ]Registration Key=15069235
[08/11/19 12:46 AM ]Serial Number=HNFA-AAAKND-FFABCK-FANN
[08/11/19 12:46 AM ]----------------------------------------
[08/11/19 12:46 AM ]Operating System: Windows
[08/11/19 12:46 AM ]Current User: Dikobe
[08/11/19 12:46 AM ]System Registration Key: 15069235
[08/11/19 12:46 AM ]Node Lock: 76RZQVUXCWP6EQJ
[08/11/19 12:46 AM ]
[08/11/19 12:46 AM ]----------------------------------------
[08/11/19 12:46 AM ]Unreg #0 HNAA-NDADAF-AKBACK-FCPN
[08/11/19 12:46 AM ]
[08/11/19 12:46 AM ]
[08/11/19 12:46 AM ]License: C++Builder 10.3 Community Edition
[08/11/19 12:46 AM ]Registration Key=15069235
[08/11/19 12:46 AM ]Serial Number=2TCK-79ATR7-M6VTTT-32YD
[08/11/19 12:46 AM ]
[08/11/19 12:46 AM ]
[08/11/19 12:46 AM ]License: C++Builder 10.3 Community Edition
[08/11/19 12:46 AM ]Registration Key=15069235
[08/11/19 12:46 AM ]Serial Number=2TCK-79ATR7-M6VTTT-32YD
[08/11/19 12:46 AM ]
[08/11/19 12:46 AM ]
[08/11/19 12:46 AM ]License: RAD Studio 10.1 Berlin Architect
[08/11/19 12:46 AM ]Registration Key=15069235
[08/11/19 12:46 AM ]Serial Number=HNFA-AAAKND-FFABCK-FANN
[08/11/19 12:46 AM ]----------------------------------------
[08/11/19 12:46 AM ]Operating System: Windows
[08/11/19 12:46 AM ]Current User: Dikobe
[08/11/19 12:46 AM ]System Registration Key: 15069235
[08/11/19 12:46 AM ]Node Lock: 76RZQVUXCWP6EQJ
[08/11/19 12:46 AM ]
[08/11/19 12:46 AM ]----------------------------------------
[08/11/19 12:46 AM ]Unreg #0 2TCK-79ATR7-M6VTTT-32YD
[08/11/19 12:46 AM ]Unreg #1 HNAA-NDADAF-AKBACK-FCPN
[08/11/19 12:46 AM ]
[08/11/19 12:46 AM ]
[08/11/19 12:46 AM ]License: C++Builder 10.3 Community Edition
[08/11/19 12:46 AM ]Registration Key=15069235
[08/11/19 12:46 AM ]Serial Number=2TCK-79ATR7-M6VTTT-32YD
[08/11/19 12:46 AM ]
[08/11/19 12:46 AM ]
[08/11/19 12:46 AM ]License: C++Builder 10.3 Community Edition
[08/11/19 12:46 AM ]Registration Key=15069235
[08/11/19 12:46 AM ]Serial Number=2TCK-79ATR7-M6VTTT-32YD
[08/11/19 12:46 AM ]
[08/11/19 12:46 AM ]
[08/11/19 12:46 AM ]License: RAD Studio 10.1 Berlin Architect
[08/11/19 12:46 AM ]Registration Key=15069235
[08/11/19 12:46 AM ]Serial Number=HNFA-AAAKND-FFABCK-FANN
[08/11/19 12:46 AM ]----------------------------------------
[08/11/19 12:46 AM ]Operating System: Windows
[08/11/19 12:46 AM ]Current User: Dikobe
[08/11/19 12:46 AM ]System Registration Key: 15069235
[08/11/19 12:46 AM ]Node Lock: 76RZQVUXCWP6EQJ
[08/11/19 12:46 AM ]
[08/11/19 12:46 AM ]----------------------------------------
[08/11/19 12:46 AM ]Unreg #0 HNAA-NDADAF-AKBACK-FCPN
[08/11/19 12:46 AM ]
[08/11/19 12:46 AM ]
[08/11/19 12:46 AM ]License: C++Builder 10.3 Community Edition
[08/11/19 12:46 AM ]Registration Key=15069235
[08/11/19 12:46 AM ]Serial Number=2TCK-79ATR7-M6VTTT-32YD
[08/11/19 12:47 AM ]
[08/11/19 12:47 AM ]
[08/11/19 12:47 AM ]License: C++Builder 10.3 Community Edition
[08/11/19 12:47 AM ]Registration Key=15069235
[08/11/19 12:47 AM ]Serial Number=2TCK-79ATR7-M6VTTT-32YD
[08/11/19 12:47 AM ]
[08/11/19 12:47 AM ]
[08/11/19 12:47 AM ]License: RAD Studio 10.1 Berlin Architect
[08/11/19 12:47 AM ]Registration Key=15069235
[08/11/19 12:47 AM ]Serial Number=HNFA-NDAKNA-FAABCL-FCPN
